2022-07-08 00:00:00,323: DEBUG - Order Symbol: USDMXN
2022-07-08 00:00:01,344: DEBUG - Order Symbol: USDMXN
2022-07-08 00:00:02,351: DEBUG - Order Symbol: USDMXN
2022-07-08 00:00:03,351: DEBUG - Order Symbol: USDMXN
2022-07-08 00:00:04,353: DEBUG - Order Symbol: USDMXN
2022-07-08 00:00:05,354: DEBUG - Order Symbol: USDMXN
2022-07-08 00:00:06,356: DEBUG - Order Symbol: USDMXN
2022-07-08 00:00:07,357: DEBUG - Order Symbol: USDMXN
2022-07-08 00:00:08,364: DEBUG - Order Symbol: USDMXN
2022-07-08 00:00:09,379: DEBUG - Order Symbol: USDMXN
2022-07-08 00:00:10,394: DEBUG - Order Symbol: USDMXN
2022-07-08 00:00:11,395: DEBUG - Order Symbol: USDMXN
2022-07-08 00:00:12,397: DEBUG - Order Symbol: USDMXN
2022-07-08 00:00:13,400: DEBUG - Order Symbol: USDMXN
2022-07-08 00:00:14,402: DEBUG - Order Symbol: USDMXN
2022-07-08 00:00:15,407: DEBUG - Order Symbol: USDMXN
2022-07-08 00:00:16,404: DEBUG - Order Symbol: USDMXN
2022-07-08 00:00:22,447: DEBUG - Order Symbol: USDMXN
2022-07-08 00:00:23,467: DEBUG - Order Symbol: USDMXN
2022-07-08 00:00:52,794: INFO - 52731084: Disconnected
2022-07-08 00:00:53,024: INFO - 95025295: Disconnected
2022-07-08 00:00:53,039: INFO - 52731084: Disconnected
2022-07-08 00:00:53,070: INFO - 95025295: Disconnected
2022-07-08 00:00:54,746: INFO - Trying to login account 95025295 using IP 34.194.55.26
2022-07-08 00:00:58,112: INFO - Trying to login account 52731084 using IP d41a1.octanetwork.net
2022-07-08 00:00:59,332: INFO - 95025295: Connected
2022-07-08 00:01:03,111: INFO - 52731084: Connected
2022-07-08 02:10:21,445: INFO - 95025295: Disconnected
2022-07-08 02:10:22,429: INFO - Exit FXFellow Dashboard...
2022-07-08 02:10:22,480: INFO - 52731084: Disconnected
2022-07-08 02:10:26,175: INFO - 95025295: Connected
2022-07-08 02:10:27,112: INFO - 52731084: Connected
2022-07-08 16:28:27,932: INFO - Start FXFellow Dashboard...
2022-07-08 16:28:35,823: INFO - Trying to login account 95025295 using IP 34.194.55.26
2022-07-08 16:28:39,386: INFO - Trying to login account 52731084 using IP d41a1.octanetwork.net
2022-07-08 16:28:40,625: INFO - 95025295: Connected
2022-07-08 16:28:43,995: INFO - 52731084: Connected
2022-07-08 16:33:55,625: INFO - Orders: close order button was clicked.
2022-07-08 16:33:55,630: INFO - Request Id = 1 Name Close USDMXN 0.01Lot
2022-07-08 16:33:55,985: INFO - Request Id = 1: success USOilCash
2022-07-08 16:33:56,635: INFO - Orders: close order button was clicked.
2022-07-08 16:33:56,636: INFO - Request Id = 2 Name Close USDMXN 0.01Lot
2022-07-08 16:33:57,150: INFO - Request Id = 2: success XTIUSD
2022-07-08 16:33:57,687: INFO - Orders: close order button was clicked.
2022-07-08 16:33:57,688: INFO - Request Id = 3 Name Close USDMXN 0.01Lot
2022-07-08 16:33:58,060: INFO - Request Id = 3: success USOilCash
2022-07-08 16:33:58,554: INFO - Orders: close order button was clicked.
2022-07-08 16:33:58,554: INFO - Request Id = 4 Name Close USDMXN 0.04Lot
2022-07-08 16:33:58,904: INFO - Request Id = 4: success USOilCash
2022-07-08 16:33:59,337: INFO - Orders: close order button was clicked.
2022-07-08 16:33:59,339: INFO - Request Id = 5 Name Close USDMXN 0.01Lot
2022-07-08 16:33:59,696: INFO - Request Id = 5: success XTIUSD
2022-07-08 16:34:00,079: INFO - Orders: close order button was clicked.
2022-07-08 16:34:00,080: INFO - Request Id = 6 Name Close USDMXN 0.04Lot
2022-07-08 16:34:00,571: INFO - Request Id = 6: success XTIUSD
2022-07-08 16:34:00,977: INFO - Orders: close order button was clicked.
2022-07-08 16:34:00,977: INFO - Request Id = 7 Name Close USDMXN 0.01Lot
2022-07-08 16:34:01,309: INFO - Request Id = 7: success UKOilCash
2022-07-08 16:34:01,728: INFO - Orders: close order button was clicked.
2022-07-08 16:34:01,729: INFO - Request Id = 8 Name Close USDMXN 0.01Lot
2022-07-08 16:34:02,181: INFO - Request Id = 8: success XBRUSD
2022-07-08 16:34:02,576: INFO - Orders: close order button was clicked.
2022-07-08 16:34:02,576: INFO - Request Id = 9 Name Close USDMXN 0.01Lot
2022-07-08 16:34:02,920: INFO - Request Id = 9: success UKOilCash
2022-07-08 16:34:03,867: INFO - Orders: close order button was clicked.
2022-07-08 16:34:03,868: INFO - Request Id = 10 Name Close USDMXN 0.01Lot
2022-07-08 16:34:04,384: INFO - Request Id = 10: success XBRUSD
2022-07-08 16:34:06,784: DEBUG - Order Symbol: USDMXN
2022-07-08 16:34:07,223: DEBUG - Order Symbol: USDMXN
2022-07-08 16:34:08,222: DEBUG - Order Symbol: USDMXN
2022-07-08 16:34:09,233: DEBUG - Order Symbol: USDMXN
2022-07-08 16:34:10,227: DEBUG - Order Symbol: USDMXN
2022-07-08 16:34:11,245: DEBUG - Order Symbol: USDMXN
2022-07-08 16:34:12,265: DEBUG - Order Symbol: USDMXN
2022-07-08 16:34:24,178: DEBUG - Order Symbol: USDMXN
2022-07-08 16:34:24,371: DEBUG - Order Symbol: USDMXN
2022-07-08 16:34:25,368: DEBUG - Order Symbol: USDMXN
2022-07-08 16:34:26,380: DEBUG - Order Symbol: USDMXN
2022-07-08 16:34:27,378: DEBUG - Order Symbol: USDMXN
2022-07-08 16:34:28,380: DEBUG - Order Symbol: USDMXN
2022-07-08 16:34:29,395: DEBUG - Order Symbol: USDMXN
2022-07-08 16:34:30,395: DEBUG - Order Symbol: USDMXN
2022-07-08 16:34:31,396: DEBUG - Order Symbol: USDMXN
2022-07-08 16:34:32,411: DEBUG - Order Symbol: USDMXN
2022-07-08 16:34:33,411: DEBUG - Order Symbol: USDMXN
2022-07-08 16:34:34,415: DEBUG - Order Symbol: USDMXN
2022-07-08 16:34:35,414: DEBUG - Order Symbol: USDMXN
2022-07-08 16:34:36,416: DEBUG - Order Symbol: USDMXN
2022-07-08 16:34:37,415: DEBUG - Order Symbol: USDMXN
2022-07-08 16:34:38,432: DEBUG - Order Symbol: USDMXN
2022-07-08 16:34:39,452: DEBUG - Order Symbol: USDMXN
2022-07-08 16:34:40,456: DEBUG - Order Symbol: USDMXN
2022-07-08 16:34:41,460: DEBUG - Order Symbol: USDMXN
2022-07-08 16:34:42,464: DEBUG - Order Symbol: USDMXN
2022-07-08 16:34:43,480: DEBUG - Order Symbol: USDMXN
2022-07-08 16:34:44,496: DEBUG - Order Symbol: USDMXN
2022-07-08 16:34:45,510: DEBUG - Order Symbol: USDMXN
2022-07-08 16:34:46,534: DEBUG - Order Symbol: USDMXN
2022-07-08 16:34:47,535: DEBUG - Order Symbol: USDMXN
2022-07-08 16:34:48,538: DEBUG - Order Symbol: USDMXN
2022-07-08 16:34:49,536: DEBUG - Order Symbol: USDMXN
2022-07-08 16:34:50,538: DEBUG - Order Symbol: USDMXN
2022-07-08 16:34:51,539: DEBUG - Order Symbol: USDMXN
2022-07-08 16:34:52,557: DEBUG - Order Symbol: USDMXN
2022-07-08 16:34:53,573: DEBUG - Order Symbol: USDMXN
2022-07-08 16:34:54,574: DEBUG - Order Symbol: USDMXN
2022-07-08 16:34:55,588: DEBUG - Order Symbol: USDMXN
2022-07-08 16:34:56,601: DEBUG - Order Symbol: USDMXN
2022-07-08 16:34:57,602: DEBUG - Order Symbol: USDMXN
2022-07-08 16:34:58,608: DEBUG - Order Symbol: USDMXN
2022-07-08 16:34:59,627: DEBUG - Order Symbol: USDMXN
2022-07-08 16:35:00,702: DEBUG - Order Symbol: USDMXN
2022-07-08 16:35:01,634: DEBUG - Order Symbol: USDMXN
2022-07-08 16:35:02,631: DEBUG - Order Symbol: USDMXN
2022-07-08 16:35:03,632: DEBUG - Order Symbol: USDMXN
2022-07-08 16:35:04,818: DEBUG - Order Symbol: USDMXN
2022-07-08 16:35:05,637: DEBUG - Order Symbol: USDMXN
2022-07-08 16:35:06,652: DEBUG - Order Symbol: USDMXN
2022-07-08 16:35:07,654: DEBUG - Order Symbol: USDMXN
2022-07-08 16:35:08,653: DEBUG - Order Symbol: USDMXN
2022-07-08 16:35:09,671: DEBUG - Order Symbol: USDMXN
2022-07-08 16:35:10,745: DEBUG - Order Symbol: USDMXN
2022-07-08 16:35:11,675: DEBUG - Order Symbol: USDMXN
2022-07-08 16:35:12,678: DEBUG - Order Symbol: USDMXN
2022-07-08 16:35:13,744: DEBUG - Order Symbol: USDMXN
2022-07-08 16:35:14,682: DEBUG - Order Symbol: USDMXN
2022-07-08 16:35:15,683: DEBUG - Order Symbol: USDMXN
2022-07-08 16:35:16,703: DEBUG - Order Symbol: USDMXN
2022-07-08 16:35:17,719: DEBUG - Order Symbol: USDMXN
2022-07-08 16:35:18,732: DEBUG - Order Symbol: USDMXN
2022-07-08 16:35:19,733: DEBUG - Order Symbol: USDMXN
2022-07-08 16:35:22,753: DEBUG - Order Symbol: USDMXN
2022-07-08 16:35:23,752: DEBUG - Order Symbol: USDMXN
2022-07-08 16:35:24,755: DEBUG - Order Symbol: USDMXN
2022-07-08 16:35:25,771: DEBUG - Order Symbol: USDMXN
2022-07-08 16:35:26,772: DEBUG - Order Symbol: USDMXN
2022-07-08 16:35:27,773: DEBUG - Order Symbol: USDMXN
2022-07-08 16:35:28,774: DEBUG - Order Symbol: USDMXN
2022-07-08 16:35:29,792: DEBUG - Order Symbol: USDMXN
2022-07-08 16:35:30,824: DEBUG - Order Symbol: USDMXN
2022-07-08 16:35:31,818: DEBUG - Order Symbol: USDMXN
2022-07-08 16:35:32,832: DEBUG - Order Symbol: USDMXN
2022-07-08 16:35:33,854: DEBUG - Order Symbol: USDMXN
2022-07-08 16:35:34,848: DEBUG - Order Symbol: USDMXN
2022-07-08 16:35:35,864: DEBUG - Order Symbol: USDMXN
2022-07-08 16:35:36,867: DEBUG - Order Symbol: USDMXN
2022-07-08 16:35:37,894: DEBUG - Order Symbol: USDMXN
2022-07-08 16:35:38,899: DEBUG - Order Symbol: USDMXN
2022-07-08 16:35:39,899: DEBUG - Order Symbol: USDMXN
2022-07-08 16:35:40,908: DEBUG - Order Symbol: USDMXN
2022-07-08 16:35:41,927: DEBUG - Order Symbol: USDMXN
2022-07-08 16:35:42,939: DEBUG - Order Symbol: USDMXN
2022-07-08 16:35:43,964: DEBUG - Order Symbol: USDMXN
2022-07-08 16:35:44,942: DEBUG - Order Symbol: USDMXN
2022-07-08 16:35:45,947: DEBUG - Order Symbol: USDMXN
2022-07-08 16:35:46,946: DEBUG - Order Symbol: USDMXN
2022-07-08 16:35:48,024: DEBUG - Order Symbol: USDMXN
2022-07-08 16:35:48,954: DEBUG - Order Symbol: USDMXN
2022-07-08 16:35:49,955: DEBUG - Order Symbol: USDMXN
2022-07-08 16:35:50,958: DEBUG - Order Symbol: USDMXN
2022-07-08 16:35:51,955: DEBUG - Order Symbol: USDMXN
2022-07-08 16:35:52,956: DEBUG - Order Symbol: USDMXN
2022-07-08 16:35:53,966: DEBUG - Order Symbol: USDMXN
2022-07-08 16:35:54,976: DEBUG - Order Symbol: USDMXN
2022-07-08 16:35:55,984: DEBUG - Order Symbol: USDMXN
2022-07-08 16:35:56,994: DEBUG - Order Symbol: USDMXN
2022-07-08 16:35:58,014: DEBUG - Order Symbol: USDMXN
2022-07-08 16:35:59,023: DEBUG - Order Symbol: USDMXN
2022-07-08 16:36:00,028: DEBUG - Order Symbol: USDMXN
2022-07-08 16:36:01,033: DEBUG - Order Symbol: USDMXN
2022-07-08 16:36:02,034: DEBUG - Order Symbol: USDMXN
2022-07-08 16:36:03,096: DEBUG - Order Symbol: USDMXN
2022-07-08 16:36:04,040: DEBUG - Order Symbol: USDMXN
2022-07-08 16:36:05,042: DEBUG - Order Symbol: USDMXN
2022-07-08 16:36:06,056: DEBUG - Order Symbol: USDMXN
2022-07-08 16:36:07,071: DEBUG - Order Symbol: USDMXN
2022-07-08 16:36:08,100: DEBUG - Order Symbol: USDMXN
2022-07-08 16:36:09,190: DEBUG - Order Symbol: USDMXN
2022-07-08 16:36:10,180: DEBUG - Order Symbol: USDMXN
2022-07-08 16:36:11,129: DEBUG - Order Symbol: USDMXN
2022-07-08 16:36:12,132: DEBUG - Order Symbol: USDMXN
2022-07-08 16:36:13,132: DEBUG - Order Symbol: USDMXN
2022-07-08 16:36:14,138: DEBUG - Order Symbol: USDMXN
2022-07-08 16:36:15,222: DEBUG - Order Symbol: USDMXN
2022-07-08 16:36:16,170: DEBUG - Order Symbol: USDMXN
2022-07-08 16:36:17,184: DEBUG - Order Symbol: USDMXN
2022-07-08 16:36:18,213: DEBUG - Order Symbol: USDMXN
2022-07-08 16:36:19,316: DEBUG - Order Symbol: USDMXN
2022-07-08 16:36:20,220: DEBUG - Order Symbol: USDMXN
2022-07-08 16:36:21,237: DEBUG - Order Symbol: USDMXN
2022-07-08 16:36:22,238: DEBUG - Order Symbol: USDMXN
2022-07-08 16:36:23,248: DEBUG - Order Symbol: USDMXN
2022-07-08 16:36:24,244: DEBUG - Order Symbol: USDMXN
2022-07-08 16:36:25,262: DEBUG - Order Symbol: USDMXN
2022-07-08 16:36:26,260: DEBUG - Order Symbol: USDMXN
2022-07-08 16:36:27,263: DEBUG - Order Symbol: USDMXN
2022-07-08 16:36:28,264: DEBUG - Order Symbol: USDMXN
2022-07-08 16:36:29,261: DEBUG - Order Symbol: USDMXN
2022-07-08 16:36:30,262: DEBUG - Order Symbol: USDMXN
2022-07-08 16:36:31,265: DEBUG - Order Symbol: USDMXN
2022-07-08 16:36:32,280: DEBUG - Order Symbol: USDMXN
2022-07-08 16:36:33,296: DEBUG - Order Symbol: USDMXN
2022-07-08 16:36:34,302: DEBUG - Order Symbol: USDMXN
2022-07-08 16:36:35,301: DEBUG - Order Symbol: USDMXN
2022-07-08 16:36:36,303: DEBUG - Order Symbol: USDMXN
2022-07-08 16:36:37,304: DEBUG - Order Symbol: USDMXN
2022-07-08 16:36:38,307: DEBUG - Order Symbol: USDMXN
2022-07-08 16:36:39,356: DEBUG - Order Symbol: USDMXN
2022-07-08 16:36:40,308: DEBUG - Order Symbol: USDMXN
2022-07-08 16:36:41,323: DEBUG - Order Symbol: USDMXN
2022-07-08 16:36:42,343: DEBUG - Order Symbol: USDMXN
2022-07-08 16:36:43,357: DEBUG - Order Symbol: USDMXN
2022-07-08 16:36:44,374: DEBUG - Order Symbol: USDMXN
2022-07-08 16:36:45,377: DEBUG - Order Symbol: USDMXN
2022-07-08 16:36:46,391: DEBUG - Order Symbol: USDMXN
2022-07-08 16:36:47,395: DEBUG - Order Symbol: USDMXN
2022-07-08 16:36:48,410: DEBUG - Order Symbol: USDMXN
2022-07-08 16:36:49,408: DEBUG - Order Symbol: USDMXN
2022-07-08 16:36:50,413: DEBUG - Order Symbol: USDMXN
2022-07-08 16:36:51,416: DEBUG - Order Symbol: USDMXN
2022-07-08 16:36:52,419: DEBUG - Order Symbol: USDMXN
2022-07-08 16:36:53,428: DEBUG - Order Symbol: USDMXN
2022-07-08 16:36:54,432: DEBUG - Order Symbol: USDMXN
2022-07-08 16:36:55,443: DEBUG - Order Symbol: USDMXN
2022-07-08 16:36:56,446: DEBUG - Order Symbol: USDMXN
2022-07-08 16:36:57,447: DEBUG - Order Symbol: USDMXN
2022-07-08 16:36:58,464: DEBUG - Order Symbol: USDMXN
2022-07-08 16:36:59,484: DEBUG - Order Symbol: USDMXN
2022-07-08 16:37:00,499: DEBUG - Order Symbol: USDMXN
2022-07-08 16:37:01,515: DEBUG - Order Symbol: USDMXN
2022-07-08 16:37:02,518: DEBUG - Order Symbol: USDMXN
2022-07-08 16:37:03,532: DEBUG - Order Symbol: USDMXN
2022-07-08 16:37:04,524: DEBUG - Order Symbol: USDMXN
2022-07-08 16:37:05,526: DEBUG - Order Symbol: USDMXN
2022-07-08 16:37:06,529: DEBUG - Order Symbol: USDMXN
2022-07-08 16:37:07,526: DEBUG - Order Symbol: USDMXN
2022-07-08 16:37:08,541: DEBUG - Order Symbol: USDMXN
2022-07-08 16:37:09,543: DEBUG - Order Symbol: USDMXN
2022-07-08 16:37:10,549: DEBUG - Order Symbol: USDMXN
2022-07-08 16:37:11,611: DEBUG - Order Symbol: USDMXN
2022-07-08 16:37:12,552: DEBUG - Order Symbol: USDMXN
2022-07-08 16:37:13,563: DEBUG - Order Symbol: USDMXN
2022-07-08 16:37:14,566: DEBUG - Order Symbol: USDMXN
2022-07-08 16:37:15,641: DEBUG - Order Symbol: USDMXN
2022-07-08 16:37:16,569: DEBUG - Order Symbol: USDMXN
2022-07-08 16:37:17,582: DEBUG - Order Symbol: USDMXN
2022-07-08 16:37:18,584: DEBUG - Order Symbol: USDMXN
2022-07-08 16:37:19,582: DEBUG - Order Symbol: USDMXN
2022-07-08 16:37:20,602: DEBUG - Order Symbol: USDMXN
2022-07-08 16:37:21,597: DEBUG - Order Symbol: USDMXN
2022-07-08 16:37:22,613: DEBUG - Order Symbol: USDMXN
2022-07-08 16:37:23,615: DEBUG - Order Symbol: USDMXN
2022-07-08 16:37:24,615: DEBUG - Order Symbol: USDMXN
2022-07-08 16:37:25,619: DEBUG - Order Symbol: USDMXN
2022-07-08 16:37:26,637: DEBUG - Order Symbol: USDMXN
2022-07-08 16:37:27,653: DEBUG - Order Symbol: USDMXN
2022-07-08 16:37:28,666: DEBUG - Order Symbol: USDMXN
2022-07-08 16:37:29,685: DEBUG - Order Symbol: USDMXN
2022-07-08 16:37:30,700: DEBUG - Order Symbol: USDMXN
2022-07-08 16:37:31,727: DEBUG - Order Symbol: USDMXN
2022-07-08 16:37:32,734: DEBUG - Order Symbol: USDMXN
2022-07-08 16:37:33,745: DEBUG - Order Symbol: USDMXN
2022-07-08 16:37:34,740: DEBUG - Order Symbol: USDMXN
2022-07-08 16:37:35,756: DEBUG - Order Symbol: USDMXN
2022-07-08 16:37:36,803: DEBUG - Order Symbol: USDMXN
2022-07-08 16:37:37,755: DEBUG - Order Symbol: USDMXN
2022-07-08 16:37:38,757: DEBUG - Order Symbol: USDMXN
2022-07-08 16:37:39,762: DEBUG - Order Symbol: USDMXN
2022-07-08 16:37:40,760: DEBUG - Order Symbol: USDMXN
2022-07-08 16:37:41,777: DEBUG - Order Symbol: USDMXN
2022-07-08 16:37:42,776: DEBUG - Order Symbol: USDMXN
2022-07-08 16:37:43,794: DEBUG - Order Symbol: USDMXN
2022-07-08 16:37:44,827: DEBUG - Order Symbol: USDMXN
2022-07-08 16:37:45,829: DEBUG - Order Symbol: USDMXN
2022-07-08 16:37:46,843: DEBUG - Order Symbol: USDMXN
2022-07-08 16:37:47,847: DEBUG - Order Symbol: USDMXN
2022-07-08 16:37:48,851: DEBUG - Order Symbol: USDMXN
2022-07-08 16:37:49,870: DEBUG - Order Symbol: USDMXN
2022-07-08 16:37:50,881: DEBUG - Order Symbol: USDMXN
2022-07-08 16:37:51,882: DEBUG - Order Symbol: USDMXN
2022-07-08 16:37:52,884: DEBUG - Order Symbol: USDMXN
2022-07-08 16:37:53,887: DEBUG - Order Symbol: USDMXN
2022-07-08 16:37:54,886: DEBUG - Order Symbol: USDMXN
2022-07-08 16:37:55,901: DEBUG - Order Symbol: USDMXN
2022-07-08 16:37:56,915: DEBUG - Order Symbol: USDMXN
2022-07-08 16:37:57,928: DEBUG - Order Symbol: USDMXN
2022-07-08 16:37:58,935: DEBUG - Order Symbol: USDMXN
2022-07-08 16:37:59,949: DEBUG - Order Symbol: USDMXN
2022-07-08 16:38:00,943: DEBUG - Order Symbol: USDMXN
2022-07-08 16:38:01,959: DEBUG - Order Symbol: USDMXN
2022-07-08 16:38:02,955: DEBUG - Order Symbol: USDMXN
2022-07-08 16:38:03,962: DEBUG - Order Symbol: USDMXN
2022-07-08 16:38:04,962: DEBUG - Order Symbol: USDMXN
2022-07-08 16:38:05,988: DEBUG - Order Symbol: USDMXN
2022-07-08 16:38:06,993: DEBUG - Order Symbol: USDMXN
2022-07-08 16:38:07,996: DEBUG - Order Symbol: USDMXN
2022-07-08 16:38:08,995: DEBUG - Order Symbol: USDMXN
2022-07-08 16:38:10,012: DEBUG - Order Symbol: USDMXN
2022-07-08 16:38:11,030: DEBUG - Order Symbol: USDMXN
2022-07-08 16:38:12,048: DEBUG - Order Symbol: USDMXN
2022-07-08 16:38:13,050: DEBUG - Order Symbol: USDMXN
2022-07-08 16:38:14,051: DEBUG - Order Symbol: USDMXN
2022-07-08 16:38:15,051: DEBUG - Order Symbol: USDMXN
2022-07-08 16:38:16,128: DEBUG - Order Symbol: USDMXN
2022-07-08 16:38:17,054: DEBUG - Order Symbol: USDMXN
2022-07-08 16:38:18,070: DEBUG - Order Symbol: USDMXN
2022-07-08 16:38:19,072: DEBUG - Order Symbol: USDMXN
2022-07-08 16:38:20,089: DEBUG - Order Symbol: USDMXN
2022-07-08 16:38:21,109: DEBUG - Order Symbol: USDMXN
2022-07-08 16:38:22,143: DEBUG - Order Symbol: USDMXN
2022-07-08 16:38:23,138: DEBUG - Order Symbol: USDMXN
2022-07-08 16:38:24,145: DEBUG - Order Symbol: USDMXN
2022-07-08 16:38:25,162: DEBUG - Order Symbol: USDMXN
2022-07-08 16:38:26,158: DEBUG - Order Symbol: USDMXN
2022-07-08 16:38:27,165: DEBUG - Order Symbol: USDMXN
2022-07-08 16:38:28,167: DEBUG - Order Symbol: USDMXN
2022-07-08 16:38:29,186: DEBUG - Order Symbol: USDMXN
2022-07-08 16:38:30,182: DEBUG - Order Symbol: USDMXN
2022-07-08 16:38:31,197: DEBUG - Order Symbol: USDMXN
2022-07-08 16:38:32,202: DEBUG - Order Symbol: USDMXN
2022-07-08 16:38:33,215: DEBUG - Order Symbol: USDMXN
2022-07-08 16:38:34,215: DEBUG - Order Symbol: USDMXN
2022-07-08 16:38:35,284: DEBUG - Order Symbol: USDMXN
2022-07-08 16:38:36,250: DEBUG - Order Symbol: USDMXN
2022-07-08 16:38:37,253: DEBUG - Order Symbol: USDMXN
2022-07-08 16:38:38,266: DEBUG - Order Symbol: USDMXN
2022-07-08 16:38:39,261: DEBUG - Order Symbol: USDMXN
2022-07-08 16:38:41,335: DEBUG - Order Symbol: USDMXN
2022-07-08 16:38:42,275: DEBUG - Order Symbol: USDMXN
2022-07-08 16:38:43,277: DEBUG - Order Symbol: USDMXN
2022-07-08 16:38:44,284: DEBUG - Order Symbol: USDMXN
2022-07-08 16:38:45,296: DEBUG - Order Symbol: USDMXN
2022-07-08 16:38:46,299: DEBUG - Order Symbol: USDMXN
2022-07-08 16:38:47,300: DEBUG - Order Symbol: USDMXN
2022-07-08 16:38:48,305: DEBUG - Order Symbol: USDMXN
2022-07-08 16:38:49,308: DEBUG - Order Symbol: USDMXN
2022-07-08 16:38:50,327: DEBUG - Order Symbol: USDMXN
2022-07-08 16:38:51,374: DEBUG - Order Symbol: USDMXN
2022-07-08 16:38:52,314: DEBUG - Order Symbol: USDMXN
2022-07-08 16:38:53,321: DEBUG - Order Symbol: USDMXN
2022-07-08 16:38:54,334: DEBUG - Order Symbol: USDMXN
2022-07-08 16:38:55,332: DEBUG - Order Symbol: USDMXN
2022-07-08 16:38:56,332: DEBUG - Order Symbol: USDMXN
2022-07-08 16:38:57,347: DEBUG - Order Symbol: USDMXN
2022-07-08 16:38:58,367: DEBUG - Order Symbol: USDMXN
2022-07-08 16:38:59,362: DEBUG - Order Symbol: USDMXN
2022-07-08 16:39:00,363: DEBUG - Order Symbol: USDMXN
2022-07-08 16:39:01,365: DEBUG - Order Symbol: USDMXN
2022-07-08 16:39:02,368: DEBUG - Order Symbol: USDMXN
2022-07-08 16:39:03,365: DEBUG - Order Symbol: USDMXN
2022-07-08 16:39:04,368: DEBUG - Order Symbol: USDMXN
2022-07-08 16:39:05,370: DEBUG - Order Symbol: USDMXN
2022-07-08 16:39:06,420: DEBUG - Order Symbol: USDMXN
2022-07-08 16:39:07,406: DEBUG - Order Symbol: USDMXN
2022-07-08 16:39:08,433: DEBUG - Order Symbol: USDMXN
2022-07-08 16:39:09,441: DEBUG - Order Symbol: USDMXN
2022-07-08 16:39:10,456: DEBUG - Order Symbol: USDMXN
2022-07-08 16:39:11,456: DEBUG - Order Symbol: USDMXN
2022-07-08 16:39:12,460: DEBUG - Order Symbol: USDMXN
2022-07-08 16:39:13,462: DEBUG - Order Symbol: USDMXN
2022-07-08 16:39:14,465: DEBUG - Order Symbol: USDMXN
2022-07-08 16:39:15,463: DEBUG - Order Symbol: USDMXN
2022-07-08 16:39:16,512: DEBUG - Order Symbol: USDMXN
2022-07-08 16:39:17,486: DEBUG - Order Symbol: USDMXN
2022-07-08 16:39:18,510: DEBUG - Order Symbol: USDMXN
2022-07-08 16:39:19,514: DEBUG - Order Symbol: USDMXN
2022-07-08 16:39:20,515: DEBUG - Order Symbol: USDMXN
2022-07-08 16:39:21,507: DEBUG - Order Symbol: USDMXN
2022-07-08 16:39:22,516: DEBUG - Order Symbol: USDMXN
2022-07-08 16:39:23,580: DEBUG - Order Symbol: USDMXN
2022-07-08 16:39:24,519: DEBUG - Order Symbol: USDMXN
2022-07-08 16:39:25,518: DEBUG - Order Symbol: USDMXN
2022-07-08 16:39:26,533: DEBUG - Order Symbol: USDMXN
2022-07-08 16:39:27,537: DEBUG - Order Symbol: USDMXN
2022-07-08 16:39:28,545: DEBUG - Order Symbol: USDMXN
2022-07-08 16:39:29,562: DEBUG - Order Symbol: USDMXN
2022-07-08 16:39:30,570: DEBUG - Order Symbol: USDMXN
2022-07-08 16:39:31,572: DEBUG - Order Symbol: USDMXN
2022-07-08 16:39:32,589: DEBUG - Order Symbol: USDMXN
2022-07-08 16:39:33,604: DEBUG - Order Symbol: USDMXN
2022-07-08 16:39:34,621: DEBUG - Order Symbol: USDMXN
2022-07-08 16:39:35,642: DEBUG - Order Symbol: USDMXN
2022-07-08 16:39:36,655: DEBUG - Order Symbol: USDMXN
2022-07-08 16:39:37,661: DEBUG - Order Symbol: USDMXN
2022-07-08 16:39:38,673: DEBUG - Order Symbol: USDMXN
2022-07-08 16:39:39,675: DEBUG - Order Symbol: USDMXN
2022-07-08 16:39:40,676: DEBUG - Order Symbol: USDMXN
2022-07-08 16:39:41,678: DEBUG - Order Symbol: USDMXN
2022-07-08 16:39:42,680: DEBUG - Order Symbol: USDMXN
2022-07-08 16:39:43,696: DEBUG - Order Symbol: USDMXN
2022-07-08 16:39:44,696: DEBUG - Order Symbol: USDMXN
2022-07-08 16:39:45,698: DEBUG - Order Symbol: USDMXN
2022-07-08 16:39:47,713: DEBUG - Order Symbol: USDMXN
2022-07-08 16:39:48,732: DEBUG - Order Symbol: USDMXN
2022-07-08 16:39:49,746: DEBUG - Order Symbol: USDMXN
2022-07-08 16:39:50,765: DEBUG - Order Symbol: USDMXN
2022-07-08 16:39:51,778: DEBUG - Order Symbol: USDMXN
2022-07-08 16:39:52,796: DEBUG - Order Symbol: USDMXN
2022-07-08 16:39:53,818: DEBUG - Order Symbol: USDMXN
2022-07-08 16:39:54,819: DEBUG - Order Symbol: USDMXN
2022-07-08 16:39:55,830: DEBUG - Order Symbol: USDMXN
2022-07-08 16:39:56,831: DEBUG - Order Symbol: USDMXN
2022-07-08 16:39:57,849: DEBUG - Order Symbol: USDMXN
2022-07-08 16:39:58,848: DEBUG - Order Symbol: USDMXN
2022-07-08 16:39:59,848: DEBUG - Order Symbol: USDMXN
2022-07-08 16:40:00,852: DEBUG - Order Symbol: USDMXN
2022-07-08 16:40:01,852: DEBUG - Order Symbol: USDMXN
2022-07-08 16:40:02,867: DEBUG - Order Symbol: USDMXN
2022-07-08 16:40:03,881: DEBUG - Order Symbol: USDMXN
2022-07-08 16:40:04,897: DEBUG - Order Symbol: USDMXN
2022-07-08 16:40:05,898: DEBUG - Order Symbol: USDMXN
2022-07-08 16:40:06,913: DEBUG - Order Symbol: USDMXN
2022-07-08 16:40:07,916: DEBUG - Order Symbol: USDMXN
2022-07-08 16:40:08,932: DEBUG - Order Symbol: USDMXN
2022-07-08 16:40:09,938: DEBUG - Order Symbol: USDMXN
2022-07-08 16:40:10,944: DEBUG - Order Symbol: USDMXN
2022-07-08 16:40:11,955: DEBUG - Order Symbol: USDMXN
2022-07-08 16:40:12,958: DEBUG - Order Symbol: USDMXN
2022-07-08 16:40:13,964: DEBUG - Order Symbol: USDMXN
2022-07-08 16:40:14,966: DEBUG - Order Symbol: USDMXN
2022-07-08 16:40:15,972: DEBUG - Order Symbol: USDMXN
2022-07-08 16:40:16,975: DEBUG - Order Symbol: USDMXN
2022-07-08 16:40:17,976: DEBUG - Order Symbol: USDMXN
2022-07-08 16:40:18,979: DEBUG - Order Symbol: USDMXN
2022-07-08 16:40:19,989: DEBUG - Order Symbol: USDMXN
2022-07-08 16:40:20,987: DEBUG - Order Symbol: USDMXN
2022-07-08 16:40:22,008: DEBUG - Order Symbol: USDMXN
2022-07-08 16:40:23,007: DEBUG - Order Symbol: USDMXN
2022-07-08 16:40:24,009: DEBUG - Order Symbol: USDMXN
2022-07-08 16:40:25,024: DEBUG - Order Symbol: USDMXN
2022-07-08 16:40:26,045: DEBUG - Order Symbol: USDMXN
2022-07-08 16:40:27,068: DEBUG - Order Symbol: USDMXN
2022-07-08 16:40:28,067: DEBUG - Order Symbol: USDMXN
2022-07-08 16:40:29,092: DEBUG - Order Symbol: USDMXN
2022-07-08 16:40:30,073: DEBUG - Order Symbol: USDMXN
2022-07-08 16:40:31,090: DEBUG - Order Symbol: USDMXN
2022-07-08 16:40:32,106: DEBUG - Order Symbol: USDMXN
2022-07-08 16:40:33,104: DEBUG - Order Symbol: USDMXN
2022-07-08 16:40:34,105: DEBUG - Order Symbol: USDMXN
2022-07-08 16:40:35,123: DEBUG - Order Symbol: USDMXN
2022-07-08 16:40:36,139: DEBUG - Order Symbol: USDMXN
2022-07-08 16:40:37,156: DEBUG - Order Symbol: USDMXN
2022-07-08 16:40:38,160: DEBUG - Order Symbol: USDMXN
2022-07-08 16:40:39,161: DEBUG - Order Symbol: USDMXN
2022-07-08 16:40:40,161: DEBUG - Order Symbol: USDMXN
2022-07-08 16:40:41,192: DEBUG - Order Symbol: USDMXN
2022-07-08 16:40:42,183: DEBUG - Order Symbol: USDMXN
2022-07-08 16:40:43,203: DEBUG - Order Symbol: USDMXN
2022-07-08 16:40:44,245: DEBUG - Order Symbol: USDMXN
2022-07-08 16:40:45,224: DEBUG - Order Symbol: USDMXN
2022-07-08 16:40:46,226: DEBUG - Order Symbol: USDMXN
2022-07-08 16:40:47,227: DEBUG - Order Symbol: USDMXN
2022-07-08 16:40:48,230: DEBUG - Order Symbol: USDMXN
2022-07-08 16:40:49,264: DEBUG - Order Symbol: USDMXN
2022-07-08 16:40:50,239: DEBUG - Order Symbol: USDMXN
2022-07-08 16:40:51,251: DEBUG - Order Symbol: USDMXN
2022-07-08 16:40:52,252: DEBUG - Order Symbol: USDMXN
2022-07-08 16:40:53,306: DEBUG - Order Symbol: USDMXN
2022-07-08 16:40:54,255: DEBUG - Order Symbol: USDMXN
2022-07-08 16:40:55,257: DEBUG - Order Symbol: USDMXN
2022-07-08 16:40:56,261: DEBUG - Order Symbol: USDMXN
2022-07-08 16:40:57,278: DEBUG - Order Symbol: USDMXN
2022-07-08 16:40:58,347: DEBUG - Order Symbol: USDMXN
2022-07-08 16:40:59,300: DEBUG - Order Symbol: USDMXN
2022-07-08 16:41:00,310: DEBUG - Order Symbol: USDMXN
2022-07-08 16:41:01,324: DEBUG - Order Symbol: USDMXN
2022-07-08 16:41:02,341: DEBUG - Order Symbol: USDMXN
2022-07-08 16:41:03,357: DEBUG - Order Symbol: USDMXN
2022-07-08 16:41:04,377: DEBUG - Order Symbol: USDMXN
2022-07-08 16:41:05,380: DEBUG - Order Symbol: USDMXN
2022-07-08 16:41:06,377: DEBUG - Order Symbol: USDMXN
2022-07-08 16:41:07,381: DEBUG - Order Symbol: USDMXN
2022-07-08 16:41:08,401: DEBUG - Order Symbol: USDMXN
2022-07-08 16:41:09,399: DEBUG - Order Symbol: USDMXN
2022-07-08 16:41:10,399: DEBUG - Order Symbol: USDMXN
2022-07-08 16:41:11,401: DEBUG - Order Symbol: USDMXN
2022-07-08 16:41:12,420: DEBUG - Order Symbol: USDMXN
2022-07-08 16:41:13,434: DEBUG - Order Symbol: USDMXN
2022-07-08 16:41:14,455: DEBUG - Order Symbol: USDMXN
2022-07-08 16:41:15,461: DEBUG - Order Symbol: USDMXN
2022-07-08 16:41:16,459: DEBUG - Order Symbol: USDMXN
2022-07-08 16:41:17,476: DEBUG - Order Symbol: USDMXN
2022-07-08 16:41:18,537: DEBUG - Order Symbol: USDMXN
2022-07-08 16:41:19,492: DEBUG - Order Symbol: USDMXN
2022-07-08 16:41:20,495: DEBUG - Order Symbol: USDMXN
2022-07-08 16:41:21,558: DEBUG - Order Symbol: USDMXN
2022-07-08 16:41:22,533: DEBUG - Order Symbol: USDMXN
2022-07-08 16:41:23,533: DEBUG - Order Symbol: USDMXN
2022-07-08 16:41:24,536: DEBUG - Order Symbol: USDMXN
2022-07-08 16:41:25,558: DEBUG - Order Symbol: USDMXN
2022-07-08 16:41:26,601: DEBUG - Order Symbol: USDMXN
2022-07-08 16:41:27,545: DEBUG - Order Symbol: USDMXN
2022-07-08 16:41:28,545: DEBUG - Order Symbol: USDMXN
2022-07-08 16:41:29,566: DEBUG - Order Symbol: USDMXN
2022-07-08 16:41:30,581: DEBUG - Order Symbol: USDMXN
2022-07-08 16:41:31,584: DEBUG - Order Symbol: USDMXN
2022-07-08 16:41:32,601: DEBUG - Order Symbol: USDMXN
2022-07-08 16:41:33,604: DEBUG - Order Symbol: USDMXN
2022-07-08 16:41:34,604: DEBUG - Order Symbol: USDMXN
2022-07-08 16:41:35,620: DEBUG - Order Symbol: USDMXN
2022-07-08 16:41:36,619: DEBUG - Order Symbol: USDMXN
2022-07-08 16:41:37,623: DEBUG - Order Symbol: USDMXN
2022-07-08 16:41:38,624: DEBUG - Order Symbol: USDMXN
2022-07-08 16:41:39,640: DEBUG - Order Symbol: USDMXN
2022-07-08 16:41:40,645: DEBUG - Order Symbol: USDMXN
2022-07-08 16:41:41,644: DEBUG - Order Symbol: USDMXN
2022-07-08 16:41:42,647: DEBUG - Order Symbol: USDMXN
2022-07-08 16:41:43,671: DEBUG - Order Symbol: USDMXN
2022-07-08 16:41:44,689: DEBUG - Order Symbol: USDMXN
2022-07-08 16:41:45,701: DEBUG - Order Symbol: USDMXN
2022-07-08 16:41:46,710: DEBUG - Order Symbol: USDMXN
2022-07-08 16:41:47,733: DEBUG - Order Symbol: USDMXN
2022-07-08 16:41:48,736: DEBUG - Order Symbol: USDMXN
2022-07-08 16:41:49,743: DEBUG - Order Symbol: USDMXN
2022-07-08 16:41:50,770: DEBUG - Order Symbol: USDMXN
2022-07-08 16:41:51,775: DEBUG - Order Symbol: USDMXN
2022-07-08 16:41:52,774: DEBUG - Order Symbol: USDMXN
2022-07-08 16:41:53,789: DEBUG - Order Symbol: USDMXN
2022-07-08 16:41:54,789: DEBUG - Order Symbol: USDMXN
2022-07-08 16:41:55,812: DEBUG - Order Symbol: USDMXN
2022-07-08 16:41:56,819: DEBUG - Order Symbol: USDMXN
2022-07-08 16:41:57,843: DEBUG - Order Symbol: USDMXN
2022-07-08 16:41:58,855: DEBUG - Order Symbol: USDMXN
2022-07-08 16:41:59,880: DEBUG - Order Symbol: USDMXN
2022-07-08 16:42:00,881: DEBUG - Order Symbol: USDMXN
2022-07-08 16:42:01,907: DEBUG - Order Symbol: USDMXN
2022-07-08 16:42:02,913: DEBUG - Order Symbol: USDMXN
2022-07-08 16:42:03,941: DEBUG - Order Symbol: USDMXN
2022-07-08 16:42:04,941: DEBUG - Order Symbol: USDMXN
2022-07-08 16:42:05,941: DEBUG - Order Symbol: USDMXN
2022-07-08 16:42:06,951: DEBUG - Order Symbol: USDMXN
2022-07-08 16:42:07,958: DEBUG - Order Symbol: USDMXN
2022-07-08 16:42:08,964: DEBUG - Order Symbol: USDMXN
2022-07-08 16:42:09,982: DEBUG - Order Symbol: USDMXN
2022-07-08 16:42:11,001: DEBUG - Order Symbol: USDMXN
2022-07-08 16:42:12,004: DEBUG - Order Symbol: USDMXN
2022-07-08 16:42:13,010: DEBUG - Order Symbol: USDMXN
2022-07-08 16:42:14,018: DEBUG - Order Symbol: USDMXN
2022-07-08 16:42:15,027: DEBUG - Order Symbol: USDMXN
2022-07-08 16:42:16,029: DEBUG - Order Symbol: USDMXN
2022-07-08 16:42:17,025: DEBUG - Order Symbol: USDMXN
2022-07-08 16:42:18,025: DEBUG - Order Symbol: USDMXN
2022-07-08 16:42:19,026: DEBUG - Order Symbol: USDMXN
2022-07-08 16:42:20,039: DEBUG - Order Symbol: USDMXN
2022-07-08 16:42:21,040: DEBUG - Order Symbol: USDMXN
2022-07-08 16:42:22,061: DEBUG - Order Symbol: USDMXN
2022-07-08 16:42:23,075: DEBUG - Order Symbol: USDMXN
2022-07-08 16:42:24,073: DEBUG - Order Symbol: USDMXN
2022-07-08 16:42:25,089: DEBUG - Order Symbol: USDMXN
2022-07-08 16:42:26,093: DEBUG - Order Symbol: USDMXN
2022-07-08 16:42:27,125: DEBUG - Order Symbol: USDMXN
2022-07-08 16:42:28,101: DEBUG - Order Symbol: USDMXN
2022-07-08 16:42:29,101: DEBUG - Order Symbol: USDMXN
2022-07-08 16:42:30,101: DEBUG - Order Symbol: USDMXN
2022-07-08 16:42:31,105: DEBUG - Order Symbol: USDMXN
2022-07-08 16:42:32,117: DEBUG - Order Symbol: USDMXN
2022-07-08 16:42:33,135: DEBUG - Order Symbol: USDMXN
2022-07-08 16:42:34,151: DEBUG - Order Symbol: USDMXN
2022-07-08 16:42:35,153: DEBUG - Order Symbol: USDMXN
2022-07-08 16:42:36,150: DEBUG - Order Symbol: USDMXN
2022-07-08 16:42:37,151: DEBUG - Order Symbol: USDMXN
2022-07-08 16:42:38,154: DEBUG - Order Symbol: USDMXN
2022-07-08 16:42:39,171: DEBUG - Order Symbol: USDMXN
2022-07-08 16:42:40,187: DEBUG - Order Symbol: USDMXN
2022-07-08 16:42:41,188: DEBUG - Order Symbol: USDMXN
2022-07-08 16:42:42,190: DEBUG - Order Symbol: USDMXN
2022-07-08 16:42:43,191: DEBUG - Order Symbol: USDMXN
2022-07-08 16:42:44,194: DEBUG - Order Symbol: USDMXN
2022-07-08 16:42:45,199: DEBUG - Order Symbol: USDMXN
2022-07-08 16:42:46,200: DEBUG - Order Symbol: USDMXN
2022-07-08 16:42:47,199: DEBUG - Order Symbol: USDMXN
2022-07-08 16:42:48,216: DEBUG - Order Symbol: USDMXN
2022-07-08 16:42:49,231: DEBUG - Order Symbol: USDMXN
2022-07-08 16:42:50,248: DEBUG - Order Symbol: USDMXN
2022-07-08 16:42:51,253: DEBUG - Order Symbol: USDMXN
2022-07-08 16:42:52,253: DEBUG - Order Symbol: USDMXN
2022-07-08 16:42:53,255: DEBUG - Order Symbol: USDMXN
2022-07-08 16:42:54,269: DEBUG - Order Symbol: USDMXN
2022-07-08 16:42:55,286: DEBUG - Order Symbol: USDMXN
2022-07-08 16:42:56,287: DEBUG - Order Symbol: USDMXN
2022-07-08 16:42:57,290: DEBUG - Order Symbol: USDMXN
2022-07-08 16:42:58,292: DEBUG - Order Symbol: USDMXN
2022-07-08 16:42:59,304: DEBUG - Order Symbol: USDMXN
2022-07-08 16:43:00,306: DEBUG - Order Symbol: USDMXN
2022-07-08 16:43:01,308: DEBUG - Order Symbol: USDMXN
2022-07-08 16:43:02,324: DEBUG - Order Symbol: USDMXN
2022-07-08 16:43:03,327: DEBUG - Order Symbol: USDMXN
2022-07-08 16:43:04,325: DEBUG - Order Symbol: USDMXN
2022-07-08 16:43:05,340: DEBUG - Order Symbol: USDMXN
2022-07-08 16:43:06,362: DEBUG - Order Symbol: USDMXN
2022-07-08 16:43:07,373: DEBUG - Order Symbol: USDMXN
2022-07-08 16:43:08,391: DEBUG - Order Symbol: USDMXN
2022-07-08 16:43:09,393: DEBUG - Order Symbol: USDMXN
2022-07-08 16:43:10,427: DEBUG - Order Symbol: USDMXN
2022-07-08 16:43:11,412: DEBUG - Order Symbol: USDMXN
2022-07-08 16:43:12,425: DEBUG - Order Symbol: USDMXN
2022-07-08 16:43:13,439: DEBUG - Order Symbol: USDMXN
2022-07-08 16:43:14,449: DEBUG - Order Symbol: USDMXN
2022-07-08 16:43:15,457: DEBUG - Order Symbol: USDMXN
2022-07-08 16:43:16,465: DEBUG - Order Symbol: USDMXN
2022-07-08 16:43:17,471: DEBUG - Order Symbol: USDMXN
2022-07-08 16:43:18,477: DEBUG - Order Symbol: USDMXN
2022-07-08 16:43:19,500: DEBUG - Order Symbol: USDMXN
2022-07-08 16:43:20,511: DEBUG - Order Symbol: USDMXN
2022-07-08 16:43:21,583: DEBUG - Order Symbol: USDMXN
2022-07-08 16:43:22,555: DEBUG - Order Symbol: USDMXN
2022-07-08 16:43:23,561: DEBUG - Order Symbol: USDMXN
2022-07-08 16:43:24,580: DEBUG - Order Symbol: USDMXN
2022-07-08 16:43:25,591: DEBUG - Order Symbol: USDMXN
2022-07-08 16:43:26,609: DEBUG - Order Symbol: USDMXN
2022-07-08 16:43:27,611: DEBUG - Order Symbol: USDMXN
2022-07-08 16:43:28,618: DEBUG - Order Symbol: USDMXN
2022-07-08 16:43:29,616: DEBUG - Order Symbol: USDMXN
2022-07-08 16:43:30,619: DEBUG - Order Symbol: USDMXN
2022-07-08 16:43:31,643: DEBUG - Order Symbol: USDMXN
2022-07-08 16:43:32,635: DEBUG - Order Symbol: USDMXN
2022-07-08 16:43:33,648: DEBUG - Order Symbol: USDMXN
2022-07-08 16:43:34,651: DEBUG - Order Symbol: USDMXN
2022-07-08 16:43:35,667: DEBUG - Order Symbol: USDMXN
2022-07-08 16:43:36,681: DEBUG - Order Symbol: USDMXN
2022-07-08 16:43:37,680: DEBUG - Order Symbol: USDMXN
2022-07-08 16:43:38,696: DEBUG - Order Symbol: USDMXN
2022-07-08 16:43:39,714: DEBUG - Order Symbol: USDMXN
2022-07-08 16:43:40,717: DEBUG - Order Symbol: USDMXN
2022-07-08 16:43:41,716: DEBUG - Order Symbol: USDMXN
2022-07-08 16:43:42,733: DEBUG - Order Symbol: USDMXN
2022-07-08 16:43:43,749: DEBUG - Order Symbol: USDMXN
2022-07-08 16:43:44,742: DEBUG - Order Symbol: USDMXN
2022-07-08 16:43:45,764: DEBUG - Order Symbol: USDMXN
2022-07-08 16:43:46,772: DEBUG - Order Symbol: USDMXN
2022-07-08 16:43:47,781: DEBUG - Order Symbol: USDMXN
2022-07-08 16:43:48,785: DEBUG - Order Symbol: USDMXN
2022-07-08 16:43:49,798: DEBUG - Order Symbol: USDMXN
2022-07-08 16:43:50,810: DEBUG - Order Symbol: USDMXN
2022-07-08 16:43:51,811: DEBUG - Order Symbol: USDMXN
2022-07-08 16:43:52,825: DEBUG - Order Symbol: USDMXN
2022-07-08 16:43:53,825: DEBUG - Order Symbol: USDMXN
2022-07-08 16:43:54,826: DEBUG - Order Symbol: USDMXN
2022-07-08 16:43:55,843: DEBUG - Order Symbol: USDMXN
2022-07-08 16:43:56,847: DEBUG - Order Symbol: USDMXN
2022-07-08 16:43:57,851: DEBUG - Order Symbol: USDMXN
2022-07-08 16:43:58,867: DEBUG - Order Symbol: USDMXN
2022-07-08 16:43:59,881: DEBUG - Order Symbol: USDMXN
2022-07-08 16:44:00,878: DEBUG - Order Symbol: USDMXN
2022-07-08 16:44:01,894: DEBUG - Order Symbol: USDMXN
2022-07-08 16:44:02,896: DEBUG - Order Symbol: USDMXN
2022-07-08 16:44:03,896: DEBUG - Order Symbol: USDMXN
2022-07-08 16:44:04,912: DEBUG - Order Symbol: USDMXN
2022-07-08 16:44:05,920: DEBUG - Order Symbol: USDMXN
2022-07-08 16:44:06,930: DEBUG - Order Symbol: USDMXN
2022-07-08 16:44:07,935: DEBUG - Order Symbol: USDMXN
2022-07-08 16:44:08,959: DEBUG - Order Symbol: USDMXN
2022-07-08 16:44:09,966: DEBUG - Order Symbol: USDMXN
2022-07-08 16:44:10,982: DEBUG - Order Symbol: USDMXN
2022-07-08 16:44:11,993: DEBUG - Order Symbol: USDMXN
2022-07-08 16:44:12,999: DEBUG - Order Symbol: USDMXN
2022-07-08 16:44:14,006: DEBUG - Order Symbol: USDMXN
2022-07-08 16:44:15,011: DEBUG - Order Symbol: USDMXN
2022-07-08 16:44:16,024: DEBUG - Order Symbol: USDMXN
2022-07-08 16:44:17,023: DEBUG - Order Symbol: USDMXN
2022-07-08 16:44:18,038: DEBUG - Order Symbol: USDMXN
2022-07-08 16:44:19,040: DEBUG - Order Symbol: USDMXN
2022-07-08 16:44:20,052: DEBUG - Order Symbol: USDMXN
2022-07-08 16:44:21,051: DEBUG - Order Symbol: USDMXN
2022-07-08 16:44:22,070: DEBUG - Order Symbol: USDMXN
2022-07-08 16:44:23,070: DEBUG - Order Symbol: USDMXN
2022-07-08 16:44:24,084: DEBUG - Order Symbol: USDMXN
2022-07-08 16:44:25,076: DEBUG - Order Symbol: USDMXN
2022-07-08 16:44:26,085: DEBUG - Order Symbol: USDMXN
2022-07-08 16:44:27,089: DEBUG - Order Symbol: USDMXN
2022-07-08 16:44:28,114: DEBUG - Order Symbol: USDMXN
2022-07-08 16:44:29,100: DEBUG - Order Symbol: USDMXN
2022-07-08 16:44:30,101: DEBUG - Order Symbol: USDMXN
2022-07-08 16:44:31,120: DEBUG - Order Symbol: USDMXN
2022-07-08 16:44:32,126: DEBUG - Order Symbol: USDMXN
2022-07-08 16:44:33,135: DEBUG - Order Symbol: USDMXN
2022-07-08 16:44:34,138: DEBUG - Order Symbol: USDMXN
2022-07-08 16:44:35,149: DEBUG - Order Symbol: USDMXN
2022-07-08 16:44:36,151: DEBUG - Order Symbol: USDMXN
2022-07-08 16:44:37,164: DEBUG - Order Symbol: USDMXN
2022-07-08 16:44:38,163: DEBUG - Order Symbol: USDMXN
2022-07-08 16:44:39,183: DEBUG - Order Symbol: USDMXN
2022-07-08 16:44:40,203: DEBUG - Order Symbol: USDMXN
2022-07-08 16:44:41,217: DEBUG - Order Symbol: USDMXN
2022-07-08 16:44:42,233: DEBUG - Order Symbol: USDMXN
2022-07-08 16:44:43,238: DEBUG - Order Symbol: USDMXN
2022-07-08 16:44:44,239: DEBUG - Order Symbol: USDMXN
2022-07-08 16:44:45,241: DEBUG - Order Symbol: USDMXN
2022-07-08 16:44:46,244: DEBUG - Order Symbol: USDMXN
2022-07-08 16:44:47,315: DEBUG - Order Symbol: USDMXN
2022-07-08 16:44:48,269: DEBUG - Order Symbol: USDMXN
2022-07-08 16:44:49,270: DEBUG - Order Symbol: USDMXN
2022-07-08 16:44:50,289: DEBUG - Order Symbol: USDMXN
2022-07-08 16:44:51,302: DEBUG - Order Symbol: USDMXN
2022-07-08 16:44:52,317: DEBUG - Order Symbol: USDMXN
2022-07-08 16:44:53,319: DEBUG - Order Symbol: USDMXN
2022-07-08 16:44:54,320: DEBUG - Order Symbol: USDMXN
2022-07-08 16:44:55,334: DEBUG - Order Symbol: USDMXN
2022-07-08 16:44:56,348: DEBUG - Order Symbol: USDMXN
2022-07-08 16:44:57,351: DEBUG - Order Symbol: USDMXN
2022-07-08 16:44:58,368: DEBUG - Order Symbol: USDMXN
2022-07-08 16:44:59,370: DEBUG - Order Symbol: USDMXN
2022-07-08 16:45:00,371: DEBUG - Order Symbol: USDMXN
2022-07-08 16:45:01,391: DEBUG - Order Symbol: USDMXN
2022-07-08 16:45:02,405: DEBUG - Order Symbol: USDMXN
2022-07-08 16:45:03,409: DEBUG - Order Symbol: USDMXN
2022-07-08 16:45:04,424: DEBUG - Order Symbol: USDMXN
2022-07-08 16:45:05,426: DEBUG - Order Symbol: USDMXN
2022-07-08 16:45:06,441: DEBUG - Order Symbol: USDMXN
2022-07-08 16:45:07,495: DEBUG - Order Symbol: USDMXN
2022-07-08 16:45:08,455: DEBUG - Order Symbol: USDMXN
2022-07-08 16:45:09,455: DEBUG - Order Symbol: USDMXN
2022-07-08 16:45:10,458: DEBUG - Order Symbol: USDMXN
2022-07-08 16:45:11,460: DEBUG - Order Symbol: USDMXN
2022-07-08 16:45:12,465: DEBUG - Order Symbol: USDMXN
2022-07-08 16:45:13,474: DEBUG - Order Symbol: USDMXN
2022-07-08 16:45:14,494: DEBUG - Order Symbol: USDMXN
2022-07-08 16:45:15,525: DEBUG - Order Symbol: USDMXN
2022-07-08 16:45:16,536: DEBUG - Order Symbol: USDMXN
2022-07-08 16:45:17,539: DEBUG - Order Symbol: USDMXN
2022-07-08 16:45:18,544: DEBUG - Order Symbol: USDMXN
2022-07-08 16:45:19,555: DEBUG - Order Symbol: USDMXN
2022-07-08 16:45:20,555: DEBUG - Order Symbol: USDMXN
2022-07-08 16:45:21,556: DEBUG - Order Symbol: USDMXN
2022-07-08 16:45:22,573: DEBUG - Order Symbol: USDMXN
2022-07-08 16:45:23,591: DEBUG - Order Symbol: USDMXN
2022-07-08 16:45:24,648: DEBUG - Order Symbol: USDMXN
2022-07-08 16:45:25,598: DEBUG - Order Symbol: USDMXN
2022-07-08 16:45:26,599: DEBUG - Order Symbol: USDMXN
2022-07-08 16:45:27,599: DEBUG - Order Symbol: USDMXN
2022-07-08 16:45:28,602: DEBUG - Order Symbol: USDMXN
2022-07-08 16:45:29,614: DEBUG - Order Symbol: USDMXN
2022-07-08 16:45:30,614: DEBUG - Order Symbol: USDMXN
2022-07-08 16:45:32,618: DEBUG - Order Symbol: USDMXN
2022-07-08 16:45:33,635: DEBUG - Order Symbol: USDMXN
2022-07-08 16:45:34,649: DEBUG - Order Symbol: USDMXN
2022-07-08 16:45:35,662: DEBUG - Order Symbol: USDMXN
2022-07-08 16:45:36,662: DEBUG - Order Symbol: USDMXN
2022-07-08 16:45:37,664: DEBUG - Order Symbol: USDMXN
2022-07-08 16:45:38,669: DEBUG - Order Symbol: USDMXN
2022-07-08 16:45:39,684: DEBUG - Order Symbol: USDMXN
2022-07-08 16:45:40,684: DEBUG - Order Symbol: USDMXN
2022-07-08 16:45:41,700: DEBUG - Order Symbol: USDMXN
2022-07-08 16:45:42,717: DEBUG - Order Symbol: USDMXN
2022-07-08 16:45:43,737: DEBUG - Order Symbol: USDMXN
2022-07-08 16:45:44,755: DEBUG - Order Symbol: USDMXN
2022-07-08 16:45:45,764: DEBUG - Order Symbol: USDMXN
2022-07-08 16:45:46,783: DEBUG - Order Symbol: USDMXN
2022-07-08 16:45:47,785: DEBUG - Order Symbol: USDMXN
2022-07-08 16:45:48,787: DEBUG - Order Symbol: USDMXN
2022-07-08 16:45:49,785: DEBUG - Order Symbol: USDMXN
2022-07-08 16:45:50,788: DEBUG - Order Symbol: USDMXN
2022-07-08 16:45:51,787: DEBUG - Order Symbol: USDMXN
2022-07-08 16:45:52,791: DEBUG - Order Symbol: USDMXN
2022-07-08 16:45:53,794: DEBUG - Order Symbol: USDMXN
2022-07-08 16:45:54,809: DEBUG - Order Symbol: USDMXN
2022-07-08 16:45:55,810: DEBUG - Order Symbol: USDMXN
2022-07-08 16:45:56,812: DEBUG - Order Symbol: USDMXN
2022-07-08 16:45:57,828: DEBUG - Order Symbol: USDMXN
2022-07-08 16:45:58,842: DEBUG - Order Symbol: USDMXN
2022-07-08 16:45:59,856: DEBUG - Order Symbol: USDMXN
2022-07-08 16:46:00,872: DEBUG - Order Symbol: USDMXN
2022-07-08 16:46:01,873: DEBUG - Order Symbol: USDMXN
2022-07-08 16:46:02,889: DEBUG - Order Symbol: USDMXN
2022-07-08 16:46:03,893: DEBUG - Order Symbol: USDMXN
2022-07-08 16:46:05,898: DEBUG - Order Symbol: USDMXN
2022-07-08 16:46:06,897: DEBUG - Order Symbol: USDMXN
2022-07-08 16:46:07,900: DEBUG - Order Symbol: USDMXN
2022-07-08 16:46:08,918: DEBUG - Order Symbol: USDMXN
2022-07-08 16:46:09,941: DEBUG - Order Symbol: USDMXN
2022-07-08 16:46:10,943: DEBUG - Order Symbol: USDMXN
2022-07-08 16:46:11,943: DEBUG - Order Symbol: USDMXN
2022-07-08 16:46:12,944: DEBUG - Order Symbol: USDMXN
2022-07-08 16:46:13,945: DEBUG - Order Symbol: USDMXN
2022-07-08 16:46:14,945: DEBUG - Order Symbol: USDMXN
2022-07-08 16:46:15,947: DEBUG - Order Symbol: USDMXN
2022-07-08 16:46:16,960: DEBUG - Order Symbol: USDMXN
2022-07-08 16:46:17,961: DEBUG - Order Symbol: USDMXN
2022-07-08 16:46:18,978: DEBUG - Order Symbol: USDMXN
2022-07-08 16:46:19,996: DEBUG - Order Symbol: USDMXN
2022-07-08 16:46:20,996: DEBUG - Order Symbol: USDMXN
2022-07-08 16:46:22,013: DEBUG - Order Symbol: USDMXN
2022-07-08 16:46:23,031: DEBUG - Order Symbol: USDMXN
2022-07-08 16:46:24,037: DEBUG - Order Symbol: USDMXN
2022-07-08 16:46:25,036: DEBUG - Order Symbol: USDMXN
2022-07-08 16:46:26,038: DEBUG - Order Symbol: USDMXN
2022-07-08 16:46:27,049: DEBUG - Order Symbol: USDMXN
2022-07-08 16:46:28,063: DEBUG - Order Symbol: USDMXN
2022-07-08 16:46:29,055: DEBUG - Order Symbol: USDMXN
2022-07-08 16:46:30,057: DEBUG - Order Symbol: USDMXN
2022-07-08 16:46:31,058: DEBUG - Order Symbol: USDMXN
2022-07-08 16:46:32,072: DEBUG - Order Symbol: USDMXN
2022-07-08 16:46:33,076: DEBUG - Order Symbol: USDMXN
2022-07-08 16:46:34,080: DEBUG - Order Symbol: USDMXN
2022-07-08 16:46:35,081: DEBUG - Order Symbol: USDMXN
2022-07-08 16:46:36,084: DEBUG - Order Symbol: USDMXN
2022-07-08 16:46:37,084: DEBUG - Order Symbol: USDMXN
2022-07-08 16:46:38,105: DEBUG - Order Symbol: USDMXN
2022-07-08 16:46:39,099: DEBUG - Order Symbol: USDMXN
2022-07-08 16:46:40,103: DEBUG - Order Symbol: USDMXN
2022-07-08 16:46:41,103: DEBUG - Order Symbol: USDMXN
2022-07-08 16:46:42,121: DEBUG - Order Symbol: USDMXN
2022-07-08 16:46:43,138: DEBUG - Order Symbol: USDMXN
2022-07-08 16:46:44,156: DEBUG - Order Symbol: USDMXN
2022-07-08 16:46:45,157: DEBUG - Order Symbol: USDMXN
2022-07-08 16:46:46,214: DEBUG - Order Symbol: USDMXN
2022-07-08 16:46:47,165: DEBUG - Order Symbol: USDMXN
2022-07-08 16:46:48,202: DEBUG - Order Symbol: USDMXN
2022-07-08 16:46:49,180: DEBUG - Order Symbol: USDMXN
2022-07-08 16:46:50,184: DEBUG - Order Symbol: USDMXN
2022-07-08 16:46:51,199: DEBUG - Order Symbol: USDMXN
2022-07-08 16:46:52,218: DEBUG - Order Symbol: USDMXN
2022-07-08 16:46:53,235: DEBUG - Order Symbol: USDMXN
2022-07-08 16:46:54,238: DEBUG - Order Symbol: USDMXN
2022-07-08 16:46:55,241: DEBUG - Order Symbol: USDMXN
2022-07-08 16:46:56,256: DEBUG - Order Symbol: USDMXN
2022-07-08 16:46:57,255: DEBUG - Order Symbol: USDMXN
2022-07-08 16:46:58,254: DEBUG - Order Symbol: USDMXN
2022-07-08 16:46:59,257: DEBUG - Order Symbol: USDMXN
2022-07-08 16:47:00,262: DEBUG - Order Symbol: USDMXN
2022-07-08 16:47:01,279: DEBUG - Order Symbol: USDMXN
2022-07-08 16:47:02,299: DEBUG - Order Symbol: USDMXN
2022-07-08 16:47:03,313: DEBUG - Order Symbol: USDMXN
2022-07-08 16:47:04,328: DEBUG - Order Symbol: USDMXN
2022-07-08 16:47:05,347: DEBUG - Order Symbol: USDMXN
2022-07-08 16:47:06,359: DEBUG - Order Symbol: USDMXN
2022-07-08 16:47:07,395: DEBUG - Order Symbol: USDMXN
2022-07-08 16:47:08,452: DEBUG - Order Symbol: USDMXN
2022-07-08 16:47:09,394: DEBUG - Order Symbol: USDMXN
2022-07-08 16:47:10,398: DEBUG - Order Symbol: USDMXN
2022-07-08 16:47:11,400: DEBUG - Order Symbol: USDMXN
2022-07-08 16:47:12,408: DEBUG - Order Symbol: USDMXN
2022-07-08 16:47:13,415: DEBUG - Order Symbol: USDMXN
2022-07-08 16:47:14,405: DEBUG - Order Symbol: USDMXN
2022-07-08 16:47:15,420: DEBUG - Order Symbol: USDMXN
2022-07-08 16:47:16,437: DEBUG - Order Symbol: USDMXN
2022-07-08 16:47:17,452: DEBUG - Order Symbol: USDMXN
2022-07-08 16:47:18,459: DEBUG - Order Symbol: USDMXN
2022-07-08 16:47:19,513: DEBUG - Order Symbol: USDMXN
2022-07-08 16:47:20,487: DEBUG - Order Symbol: USDMXN
2022-07-08 16:47:21,491: DEBUG - Order Symbol: USDMXN
2022-07-08 16:47:22,493: DEBUG - Order Symbol: USDMXN
2022-07-08 16:47:23,494: DEBUG - Order Symbol: USDMXN
2022-07-08 16:47:24,500: DEBUG - Order Symbol: USDMXN
2022-07-08 16:47:25,507: DEBUG - Order Symbol: USDMXN
2022-07-08 16:47:26,570: DEBUG - Order Symbol: USDMXN
2022-07-08 16:47:27,518: DEBUG - Order Symbol: USDMXN
2022-07-08 16:47:28,517: DEBUG - Order Symbol: USDMXN
2022-07-08 16:47:29,519: DEBUG - Order Symbol: USDMXN
2022-07-08 16:47:30,522: DEBUG - Order Symbol: USDMXN
2022-07-08 16:47:31,524: DEBUG - Order Symbol: USDMXN
2022-07-08 16:47:32,525: DEBUG - Order Symbol: USDMXN
2022-07-08 16:47:33,543: DEBUG - Order Symbol: USDMXN
2022-07-08 16:47:34,565: DEBUG - Order Symbol: USDMXN
2022-07-08 16:47:35,578: DEBUG - Order Symbol: USDMXN
2022-07-08 16:47:36,582: DEBUG - Order Symbol: USDMXN
2022-07-08 16:47:37,584: DEBUG - Order Symbol: USDMXN
2022-07-08 16:47:38,587: DEBUG - Order Symbol: USDMXN
2022-07-08 16:47:39,590: DEBUG - Order Symbol: USDMXN
2022-07-08 16:47:40,604: DEBUG - Order Symbol: USDMXN
2022-07-08 16:47:41,601: DEBUG - Order Symbol: USDMXN
2022-07-08 16:47:42,623: DEBUG - Order Symbol: USDMXN
2022-07-08 16:47:43,621: DEBUG - Order Symbol: USDMXN
2022-07-08 16:47:44,638: DEBUG - Order Symbol: USDMXN
2022-07-08 16:47:45,660: DEBUG - Order Symbol: USDMXN
2022-07-08 16:47:46,665: DEBUG - Order Symbol: USDMXN
2022-07-08 16:47:47,668: DEBUG - Order Symbol: USDMXN
2022-07-08 16:47:48,682: DEBUG - Order Symbol: USDMXN
2022-07-08 16:47:49,696: DEBUG - Order Symbol: USDMXN
2022-07-08 16:47:50,711: DEBUG - Order Symbol: USDMXN
2022-07-08 16:47:51,727: DEBUG - Order Symbol: USDMXN
2022-07-08 16:47:52,726: DEBUG - Order Symbol: USDMXN
2022-07-08 16:47:53,727: DEBUG - Order Symbol: USDMXN
2022-07-08 16:47:54,741: DEBUG - Order Symbol: USDMXN
2022-07-08 16:47:55,744: DEBUG - Order Symbol: USDMXN
2022-07-08 16:47:56,744: DEBUG - Order Symbol: USDMXN
2022-07-08 16:47:57,757: DEBUG - Order Symbol: USDMXN
2022-07-08 16:47:58,761: DEBUG - Order Symbol: USDMXN
2022-07-08 16:47:59,763: DEBUG - Order Symbol: USDMXN
2022-07-08 16:48:00,778: DEBUG - Order Symbol: USDMXN
2022-07-08 16:48:01,797: DEBUG - Order Symbol: USDMXN
2022-07-08 16:48:02,815: DEBUG - Order Symbol: USDMXN
2022-07-08 16:48:03,827: DEBUG - Order Symbol: USDMXN
2022-07-08 16:48:04,848: DEBUG - Order Symbol: USDMXN
2022-07-08 16:48:05,849: DEBUG - Order Symbol: USDMXN
2022-07-08 16:48:06,849: DEBUG - Order Symbol: USDMXN
2022-07-08 16:48:07,862: DEBUG - Order Symbol: USDMXN
2022-07-08 16:48:08,881: DEBUG - Order Symbol: USDMXN
2022-07-08 16:48:09,893: DEBUG - Order Symbol: USDMXN
2022-07-08 16:48:10,906: DEBUG - Order Symbol: USDMXN
2022-07-08 16:48:11,923: DEBUG - Order Symbol: USDMXN
2022-07-08 16:48:12,937: DEBUG - Order Symbol: USDMXN
2022-07-08 16:48:13,944: DEBUG - Order Symbol: USDMXN
2022-07-08 16:48:14,956: DEBUG - Order Symbol: USDMXN
2022-07-08 16:48:15,957: DEBUG - Order Symbol: USDMXN
2022-07-08 16:48:16,957: DEBUG - Order Symbol: USDMXN
2022-07-08 16:48:17,973: DEBUG - Order Symbol: USDMXN
2022-07-08 16:48:18,974: DEBUG - Order Symbol: USDMXN
2022-07-08 16:48:19,974: DEBUG - Order Symbol: USDMXN
2022-07-08 16:48:20,976: DEBUG - Order Symbol: USDMXN
2022-07-08 16:48:21,992: DEBUG - Order Symbol: USDMXN
2022-07-08 16:48:23,010: DEBUG - Order Symbol: USDMXN
2022-07-08 16:48:24,024: DEBUG - Order Symbol: USDMXN
2022-07-08 16:48:25,040: DEBUG - Order Symbol: USDMXN
2022-07-08 16:48:26,041: DEBUG - Order Symbol: USDMXN
2022-07-08 16:48:27,056: DEBUG - Order Symbol: USDMXN
2022-07-08 16:48:28,075: DEBUG - Order Symbol: USDMXN
2022-07-08 16:48:29,091: DEBUG - Order Symbol: USDMXN
2022-07-08 16:48:30,108: DEBUG - Order Symbol: USDMXN
2022-07-08 16:48:31,111: DEBUG - Order Symbol: USDMXN
2022-07-08 16:48:32,186: DEBUG - Order Symbol: USDMXN
2022-07-08 16:48:33,117: DEBUG - Order Symbol: USDMXN
2022-07-08 16:48:34,133: DEBUG - Order Symbol: USDMXN
2022-07-08 16:48:35,153: DEBUG - Order Symbol: USDMXN
2022-07-08 16:48:36,183: DEBUG - Order Symbol: USDMXN
2022-07-08 16:48:37,186: DEBUG - Order Symbol: USDMXN
2022-07-08 16:48:38,203: DEBUG - Order Symbol: USDMXN
2022-07-08 16:48:39,207: DEBUG - Order Symbol: USDMXN
2022-07-08 16:48:40,218: DEBUG - Order Symbol: USDMXN
2022-07-08 16:48:41,235: DEBUG - Order Symbol: USDMXN
2022-07-08 16:48:42,237: DEBUG - Order Symbol: USDMXN
2022-07-08 16:48:43,260: DEBUG - Order Symbol: USDMXN
2022-07-08 16:48:44,255: DEBUG - Order Symbol: USDMXN
2022-07-08 16:48:45,307: DEBUG - Order Symbol: USDMXN
2022-07-08 16:48:46,279: DEBUG - Order Symbol: USDMXN
2022-07-08 16:48:47,271: DEBUG - Order Symbol: USDMXN
2022-07-08 16:48:48,275: DEBUG - Order Symbol: USDMXN
2022-07-08 16:48:49,280: DEBUG - Order Symbol: USDMXN
2022-07-08 16:48:50,294: DEBUG - Order Symbol: USDMXN
2022-07-08 16:48:51,292: DEBUG - Order Symbol: USDMXN
2022-07-08 16:48:52,288: DEBUG - Order Symbol: USDMXN
2022-07-08 16:48:53,292: DEBUG - Order Symbol: USDMXN
2022-07-08 16:48:54,302: DEBUG - Order Symbol: USDMXN
2022-07-08 16:48:55,304: DEBUG - Order Symbol: USDMXN
2022-07-08 16:48:56,309: DEBUG - Order Symbol: USDMXN
2022-07-08 16:48:57,316: DEBUG - Order Symbol: USDMXN
2022-07-08 16:48:58,318: DEBUG - Order Symbol: USDMXN
2022-07-08 16:48:59,319: DEBUG - Order Symbol: USDMXN
2022-07-08 16:49:00,332: DEBUG - Order Symbol: USDMXN
2022-07-08 16:49:01,335: DEBUG - Order Symbol: USDMXN
2022-07-08 16:49:02,335: DEBUG - Order Symbol: USDMXN
2022-07-08 16:49:03,343: DEBUG - Order Symbol: USDMXN
2022-07-08 16:49:04,348: DEBUG - Order Symbol: USDMXN
2022-07-08 16:49:05,350: DEBUG - Order Symbol: USDMXN
2022-07-08 16:49:06,360: DEBUG - Order Symbol: USDMXN
2022-07-08 16:49:07,352: DEBUG - Order Symbol: USDMXN
2022-07-08 16:49:08,355: DEBUG - Order Symbol: USDMXN
2022-07-08 16:49:09,356: DEBUG - Order Symbol: USDMXN
2022-07-08 16:49:10,406: DEBUG - Order Symbol: USDMXN
2022-07-08 16:49:11,377: DEBUG - Order Symbol: USDMXN
2022-07-08 16:49:12,387: DEBUG - Order Symbol: USDMXN
2022-07-08 16:49:13,395: DEBUG - Order Symbol: USDMXN
2022-07-08 16:49:14,402: DEBUG - Order Symbol: USDMXN
2022-07-08 16:49:15,419: DEBUG - Order Symbol: USDMXN
2022-07-08 16:49:16,441: DEBUG - Order Symbol: USDMXN
2022-07-08 16:49:17,443: DEBUG - Order Symbol: USDMXN
2022-07-08 16:49:18,503: DEBUG - Order Symbol: USDMXN
2022-07-08 16:49:19,444: DEBUG - Order Symbol: USDMXN
2022-07-08 16:49:20,444: DEBUG - Order Symbol: USDMXN
2022-07-08 16:49:21,446: DEBUG - Order Symbol: USDMXN
2022-07-08 16:49:22,461: DEBUG - Order Symbol: USDMXN
2022-07-08 16:49:23,466: DEBUG - Order Symbol: USDMXN
2022-07-08 16:49:24,484: DEBUG - Order Symbol: USDMXN
2022-07-08 16:49:25,488: DEBUG - Order Symbol: USDMXN
2022-07-08 16:49:26,491: DEBUG - Order Symbol: USDMXN
2022-07-08 16:49:27,494: DEBUG - Order Symbol: USDMXN
2022-07-08 16:49:28,504: DEBUG - Order Symbol: USDMXN
2022-07-08 16:49:29,510: DEBUG - Order Symbol: USDMXN
2022-07-08 16:49:30,512: DEBUG - Order Symbol: USDMXN
2022-07-08 16:49:31,513: DEBUG - Order Symbol: USDMXN
2022-07-08 16:49:32,531: DEBUG - Order Symbol: USDMXN
2022-07-08 16:49:33,534: DEBUG - Order Symbol: USDMXN
2022-07-08 16:49:34,552: DEBUG - Order Symbol: USDMXN
2022-07-08 16:49:35,565: DEBUG - Order Symbol: USDMXN
2022-07-08 16:49:36,566: DEBUG - Order Symbol: USDMXN
2022-07-08 16:49:37,585: DEBUG - Order Symbol: USDMXN
2022-07-08 16:49:38,569: DEBUG - Order Symbol: USDMXN
2022-07-08 16:49:39,567: DEBUG - Order Symbol: USDMXN
2022-07-08 16:49:40,577: DEBUG - Order Symbol: USDMXN
2022-07-08 16:49:41,604: DEBUG - Order Symbol: USDMXN
2022-07-08 16:49:43,587: DEBUG - Order Symbol: USDMXN
2022-07-08 16:49:44,609: DEBUG - Order Symbol: USDMXN
2022-07-08 16:49:45,615: DEBUG - Order Symbol: USDMXN
2022-07-08 16:49:46,620: DEBUG - Order Symbol: USDMXN
2022-07-08 16:49:47,646: DEBUG - Order Symbol: USDMXN
2022-07-08 16:49:48,656: DEBUG - Order Symbol: USDMXN
2022-07-08 16:49:49,677: DEBUG - Order Symbol: USDMXN
2022-07-08 16:49:50,676: DEBUG - Order Symbol: USDMXN
2022-07-08 16:49:51,690: DEBUG - Order Symbol: USDMXN
2022-07-08 16:49:52,691: DEBUG - Order Symbol: USDMXN
2022-07-08 16:49:53,692: DEBUG - Order Symbol: USDMXN
2022-07-08 16:49:54,694: DEBUG - Order Symbol: USDMXN
2022-07-08 16:49:55,707: DEBUG - Order Symbol: USDMXN
2022-07-08 16:49:56,711: DEBUG - Order Symbol: USDMXN
2022-07-08 16:49:57,712: DEBUG - Order Symbol: USDMXN
2022-07-08 16:49:58,712: DEBUG - Order Symbol: USDMXN
2022-07-08 16:49:59,717: DEBUG - Order Symbol: USDMXN
2022-07-08 16:50:00,723: DEBUG - Order Symbol: USDMXN
2022-07-08 16:50:01,727: DEBUG - Order Symbol: USDMXN
2022-07-08 16:50:02,731: DEBUG - Order Symbol: USDMXN
2022-07-08 16:50:03,731: DEBUG - Order Symbol: USDMXN
2022-07-08 16:50:04,738: DEBUG - Order Symbol: USDMXN
2022-07-08 16:50:05,759: DEBUG - Order Symbol: USDMXN
2022-07-08 16:50:06,756: DEBUG - Order Symbol: USDMXN
2022-07-08 16:50:07,775: DEBUG - Order Symbol: USDMXN
2022-07-08 16:50:08,758: DEBUG - Order Symbol: USDMXN
2022-07-08 16:50:09,764: DEBUG - Order Symbol: USDMXN
2022-07-08 16:50:10,769: DEBUG - Order Symbol: USDMXN
2022-07-08 16:50:11,773: DEBUG - Order Symbol: USDMXN
2022-07-08 16:50:12,811: DEBUG - Order Symbol: USDMXN
2022-07-08 16:50:13,794: DEBUG - Order Symbol: USDMXN
2022-07-08 16:50:14,807: DEBUG - Order Symbol: USDMXN
2022-07-08 16:50:15,824: DEBUG - Order Symbol: USDMXN
2022-07-08 16:50:16,839: DEBUG - Order Symbol: USDMXN
2022-07-08 16:50:17,860: DEBUG - Order Symbol: USDMXN
2022-07-08 16:50:18,863: DEBUG - Order Symbol: USDMXN
2022-07-08 16:50:19,933: DEBUG - Order Symbol: USDMXN
2022-07-08 16:50:20,872: DEBUG - Order Symbol: USDMXN
2022-07-08 16:50:21,925: DEBUG - Order Symbol: USDMXN
2022-07-08 16:50:22,906: DEBUG - Order Symbol: USDMXN
2022-07-08 16:50:23,908: DEBUG - Order Symbol: USDMXN
2022-07-08 16:50:24,909: DEBUG - Order Symbol: USDMXN
2022-07-08 16:50:25,928: DEBUG - Order Symbol: USDMXN
2022-07-08 16:50:26,985: DEBUG - Order Symbol: USDMXN
2022-07-08 16:50:27,930: DEBUG - Order Symbol: USDMXN
2022-07-08 16:50:28,948: DEBUG - Order Symbol: USDMXN
2022-07-08 16:50:29,945: DEBUG - Order Symbol: USDMXN
2022-07-08 16:50:30,948: DEBUG - Order Symbol: USDMXN
2022-07-08 16:50:31,962: DEBUG - Order Symbol: USDMXN
2022-07-08 16:50:32,963: DEBUG - Order Symbol: USDMXN
2022-07-08 16:50:33,979: DEBUG - Order Symbol: USDMXN
2022-07-08 16:50:34,997: DEBUG - Order Symbol: USDMXN
2022-07-08 16:50:36,015: DEBUG - Order Symbol: USDMXN
2022-07-08 16:50:37,024: DEBUG - Order Symbol: USDMXN
2022-07-08 16:50:38,027: DEBUG - Order Symbol: USDMXN
2022-07-08 16:50:39,045: DEBUG - Order Symbol: USDMXN
2022-07-08 16:50:40,064: DEBUG - Order Symbol: USDMXN
2022-07-08 16:50:41,089: DEBUG - Order Symbol: USDMXN
2022-07-08 16:50:42,104: DEBUG - Order Symbol: USDMXN
2022-07-08 16:50:43,112: DEBUG - Order Symbol: USDMXN
2022-07-08 16:50:44,112: DEBUG - Order Symbol: USDMXN
2022-07-08 16:50:45,111: DEBUG - Order Symbol: USDMXN
2022-07-08 16:50:46,121: DEBUG - Order Symbol: USDMXN
2022-07-08 16:50:47,115: DEBUG - Order Symbol: USDMXN
2022-07-08 16:50:48,115: DEBUG - Order Symbol: USDMXN
2022-07-08 16:50:49,118: DEBUG - Order Symbol: USDMXN
2022-07-08 16:50:50,135: DEBUG - Order Symbol: USDMXN
2022-07-08 16:50:51,120: DEBUG - Order Symbol: USDMXN
2022-07-08 16:50:52,121: DEBUG - Order Symbol: USDMXN
2022-07-08 16:50:53,122: DEBUG - Order Symbol: USDMXN
2022-07-08 16:50:54,138: DEBUG - Order Symbol: USDMXN
2022-07-08 16:50:55,154: DEBUG - Order Symbol: USDMXN
2022-07-08 16:50:56,152: DEBUG - Order Symbol: USDMXN
2022-07-08 16:50:57,155: DEBUG - Order Symbol: USDMXN
2022-07-08 16:50:58,158: DEBUG - Order Symbol: USDMXN
2022-07-08 16:50:59,172: DEBUG - Order Symbol: USDMXN
2022-07-08 16:51:00,176: DEBUG - Order Symbol: USDMXN
2022-07-08 16:51:01,192: DEBUG - Order Symbol: USDMXN
2022-07-08 16:51:02,190: DEBUG - Order Symbol: USDMXN
2022-07-08 16:51:03,195: DEBUG - Order Symbol: USDMXN
2022-07-08 16:51:04,207: DEBUG - Order Symbol: USDMXN
2022-07-08 16:51:05,273: DEBUG - Order Symbol: USDMXN
2022-07-08 16:51:06,239: DEBUG - Order Symbol: USDMXN
2022-07-08 16:51:07,255: DEBUG - Order Symbol: USDMXN
2022-07-08 16:51:08,255: DEBUG - Order Symbol: USDMXN
2022-07-08 16:51:09,258: DEBUG - Order Symbol: USDMXN
2022-07-08 16:51:10,319: DEBUG - Order Symbol: USDMXN
2022-07-08 16:51:11,257: DEBUG - Order Symbol: USDMXN
2022-07-08 16:51:12,259: DEBUG - Order Symbol: USDMXN
2022-07-08 16:51:13,274: DEBUG - Order Symbol: USDMXN
2022-07-08 16:51:14,311: DEBUG - Order Symbol: USDMXN
2022-07-08 16:51:15,294: DEBUG - Order Symbol: USDMXN
2022-07-08 16:51:16,307: DEBUG - Order Symbol: USDMXN
2022-07-08 16:51:17,397: DEBUG - Order Symbol: USDMXN
2022-07-08 16:51:18,366: DEBUG - Order Symbol: USDMXN
2022-07-08 16:51:19,332: DEBUG - Order Symbol: USDMXN
2022-07-08 16:51:21,337: DEBUG - Order Symbol: USDMXN
2022-07-08 16:51:22,354: DEBUG - Order Symbol: USDMXN
2022-07-08 16:51:23,395: DEBUG - Order Symbol: USDMXN
2022-07-08 16:51:24,357: DEBUG - Order Symbol: USDMXN
2022-07-08 16:51:25,373: DEBUG - Order Symbol: USDMXN
2022-07-08 16:51:26,392: DEBUG - Order Symbol: USDMXN
2022-07-08 16:51:27,406: DEBUG - Order Symbol: USDMXN
2022-07-08 16:51:28,420: DEBUG - Order Symbol: USDMXN
2022-07-08 16:51:29,444: DEBUG - Order Symbol: USDMXN
2022-07-08 16:51:30,448: DEBUG - Order Symbol: USDMXN
2022-07-08 16:51:31,447: DEBUG - Order Symbol: USDMXN
2022-07-08 16:51:32,465: DEBUG - Order Symbol: USDMXN
2022-07-08 16:51:33,486: DEBUG - Order Symbol: USDMXN
2022-07-08 16:51:34,470: DEBUG - Order Symbol: USDMXN
2022-07-08 16:51:35,490: DEBUG - Order Symbol: USDMXN
2022-07-08 16:51:36,493: DEBUG - Order Symbol: USDMXN
2022-07-08 16:51:37,500: DEBUG - Order Symbol: USDMXN
2022-07-08 16:51:38,500: DEBUG - Order Symbol: USDMXN
2022-07-08 16:51:39,492: DEBUG - Order Symbol: USDMXN
2022-07-08 16:51:40,492: DEBUG - Order Symbol: USDMXN
2022-07-08 16:51:41,496: DEBUG - Order Symbol: USDMXN
2022-07-08 16:51:42,511: DEBUG - Order Symbol: USDMXN
2022-07-08 16:51:43,513: DEBUG - Order Symbol: USDMXN
2022-07-08 16:51:44,520: DEBUG - Order Symbol: USDMXN
2022-07-08 16:51:45,591: DEBUG - Order Symbol: USDMXN
2022-07-08 16:51:46,529: DEBUG - Order Symbol: USDMXN
2022-07-08 16:51:47,541: DEBUG - Order Symbol: USDMXN
2022-07-08 16:51:48,540: DEBUG - Order Symbol: USDMXN
2022-07-08 16:51:49,551: DEBUG - Order Symbol: USDMXN
2022-07-08 16:51:50,553: DEBUG - Order Symbol: USDMXN
2022-07-08 16:51:51,559: DEBUG - Order Symbol: USDMXN
2022-07-08 16:51:52,572: DEBUG - Order Symbol: USDMXN
2022-07-08 16:51:53,588: DEBUG - Order Symbol: USDMXN
2022-07-08 16:51:54,607: DEBUG - Order Symbol: USDMXN
2022-07-08 16:51:55,622: DEBUG - Order Symbol: USDMXN
2022-07-08 16:51:56,644: DEBUG - Order Symbol: USDMXN
2022-07-08 16:51:57,655: DEBUG - Order Symbol: USDMXN
2022-07-08 16:51:58,670: DEBUG - Order Symbol: USDMXN
2022-07-08 16:51:59,684: DEBUG - Order Symbol: USDMXN
2022-07-08 16:52:00,699: DEBUG - Order Symbol: USDMXN
2022-07-08 16:52:01,718: DEBUG - Order Symbol: USDMXN
2022-07-08 16:52:02,723: DEBUG - Order Symbol: USDMXN
2022-07-08 16:52:03,776: DEBUG - Order Symbol: USDMXN
2022-07-08 16:52:04,769: DEBUG - Order Symbol: USDMXN
2022-07-08 16:52:05,757: DEBUG - Order Symbol: USDMXN
2022-07-08 16:52:06,761: DEBUG - Order Symbol: USDMXN
2022-07-08 16:52:07,780: DEBUG - Order Symbol: USDMXN
2022-07-08 16:52:08,799: DEBUG - Order Symbol: USDMXN
2022-07-08 16:52:09,809: DEBUG - Order Symbol: USDMXN
2022-07-08 16:52:10,803: DEBUG - Order Symbol: USDMXN
2022-07-08 16:52:11,843: DEBUG - Order Symbol: USDMXN
2022-07-08 16:52:12,817: DEBUG - Order Symbol: USDMXN
2022-07-08 16:52:13,916: DEBUG - Order Symbol: USDMXN
2022-07-08 16:52:14,841: DEBUG - Order Symbol: USDMXN
2022-07-08 16:52:15,852: DEBUG - Order Symbol: USDMXN
2022-07-08 16:52:16,853: DEBUG - Order Symbol: USDMXN
2022-07-08 16:52:17,891: DEBUG - Order Symbol: USDMXN
2022-07-08 16:52:18,867: DEBUG - Order Symbol: USDMXN
2022-07-08 16:52:19,870: DEBUG - Order Symbol: USDMXN
2022-07-08 16:52:20,871: DEBUG - Order Symbol: USDMXN
2022-07-08 16:52:21,890: DEBUG - Order Symbol: USDMXN
2022-07-08 16:52:22,905: DEBUG - Order Symbol: USDMXN
2022-07-08 16:52:23,913: DEBUG - Order Symbol: USDMXN
2022-07-08 16:52:24,943: DEBUG - Order Symbol: USDMXN
2022-07-08 16:52:25,943: DEBUG - Order Symbol: USDMXN
2022-07-08 16:52:26,951: DEBUG - Order Symbol: USDMXN
2022-07-08 16:52:27,956: DEBUG - Order Symbol: USDMXN
2022-07-08 16:52:28,958: DEBUG - Order Symbol: USDMXN
2022-07-08 16:52:29,961: DEBUG - Order Symbol: USDMXN
2022-07-08 16:52:30,963: DEBUG - Order Symbol: USDMXN
2022-07-08 16:52:31,962: DEBUG - Order Symbol: USDMXN
2022-07-08 16:52:32,962: DEBUG - Order Symbol: USDMXN
2022-07-08 16:52:33,966: DEBUG - Order Symbol: USDMXN
2022-07-08 16:52:34,979: DEBUG - Order Symbol: USDMXN
2022-07-08 16:52:35,995: DEBUG - Order Symbol: USDMXN
2022-07-08 16:52:37,011: DEBUG - Order Symbol: USDMXN
2022-07-08 16:52:38,028: DEBUG - Order Symbol: USDMXN
2022-07-08 16:52:39,047: DEBUG - Order Symbol: USDMXN
2022-07-08 16:52:40,068: DEBUG - Order Symbol: USDMXN
2022-07-08 16:52:41,080: DEBUG - Order Symbol: USDMXN
2022-07-08 16:52:42,103: DEBUG - Order Symbol: USDMXN
2022-07-08 16:52:43,127: DEBUG - Order Symbol: USDMXN
2022-07-08 16:52:44,121: DEBUG - Order Symbol: USDMXN
2022-07-08 16:52:45,138: DEBUG - Order Symbol: USDMXN
2022-07-08 16:52:46,145: DEBUG - Order Symbol: USDMXN
2022-07-08 16:52:47,171: DEBUG - Order Symbol: USDMXN
2022-07-08 16:52:48,176: DEBUG - Order Symbol: USDMXN
2022-07-08 16:52:49,185: DEBUG - Order Symbol: USDMXN
2022-07-08 16:52:50,191: DEBUG - Order Symbol: USDMXN
2022-07-08 16:52:51,208: DEBUG - Order Symbol: USDMXN
2022-07-08 16:52:52,213: DEBUG - Order Symbol: USDMXN
2022-07-08 16:52:53,231: DEBUG - Order Symbol: USDMXN
2022-07-08 16:52:54,270: DEBUG - Order Symbol: USDMXN
2022-07-08 16:52:55,266: DEBUG - Order Symbol: USDMXN
2022-07-08 16:52:56,271: DEBUG - Order Symbol: USDMXN
2022-07-08 16:52:57,278: DEBUG - Order Symbol: USDMXN
2022-07-08 16:52:58,288: DEBUG - Order Symbol: USDMXN
2022-07-08 16:52:59,303: DEBUG - Order Symbol: USDMXN
2022-07-08 16:53:00,388: DEBUG - Order Symbol: USDMXN
2022-07-08 16:53:01,334: DEBUG - Order Symbol: USDMXN
2022-07-08 16:53:02,344: DEBUG - Order Symbol: USDMXN
2022-07-08 16:53:03,348: DEBUG - Order Symbol: USDMXN
2022-07-08 16:53:04,347: DEBUG - Order Symbol: USDMXN
2022-07-08 16:53:05,348: DEBUG - Order Symbol: USDMXN
2022-07-08 16:53:06,356: DEBUG - Order Symbol: USDMXN
2022-07-08 16:53:07,352: DEBUG - Order Symbol: USDMXN
2022-07-08 16:53:08,361: DEBUG - Order Symbol: USDMXN
2022-07-08 16:53:09,427: DEBUG - Order Symbol: USDMXN
2022-07-08 16:53:10,369: DEBUG - Order Symbol: USDMXN
2022-07-08 16:53:11,369: DEBUG - Order Symbol: USDMXN
2022-07-08 16:53:12,371: DEBUG - Order Symbol: USDMXN
2022-07-08 16:53:13,388: DEBUG - Order Symbol: USDMXN
2022-07-08 16:53:14,412: DEBUG - Order Symbol: USDMXN
2022-07-08 16:53:15,420: DEBUG - Order Symbol: USDMXN
2022-07-08 16:53:16,420: DEBUG - Order Symbol: USDMXN
2022-07-08 16:53:17,435: DEBUG - Order Symbol: USDMXN
2022-07-08 16:53:18,450: DEBUG - Order Symbol: USDMXN
2022-07-08 16:53:19,466: DEBUG - Order Symbol: USDMXN
2022-07-08 16:53:20,451: DEBUG - Order Symbol: USDMXN
2022-07-08 16:53:21,482: DEBUG - Order Symbol: USDMXN
2022-07-08 16:53:22,463: DEBUG - Order Symbol: USDMXN
2022-07-08 16:53:23,494: DEBUG - Order Symbol: USDMXN
2022-07-08 16:53:24,469: DEBUG - Order Symbol: USDMXN
2022-07-08 16:53:25,483: DEBUG - Order Symbol: USDMXN
2022-07-08 16:53:26,492: DEBUG - Order Symbol: USDMXN
2022-07-08 16:53:27,497: DEBUG - Order Symbol: USDMXN
2022-07-08 16:53:28,500: DEBUG - Order Symbol: USDMXN
2022-07-08 16:53:29,524: DEBUG - Order Symbol: USDMXN
2022-07-08 16:53:30,517: DEBUG - Order Symbol: USDMXN
2022-07-08 16:53:31,529: DEBUG - Order Symbol: USDMXN
2022-07-08 16:53:32,546: DEBUG - Order Symbol: USDMXN
2022-07-08 16:53:33,564: DEBUG - Order Symbol: USDMXN
2022-07-08 16:53:34,577: DEBUG - Order Symbol: USDMXN
2022-07-08 16:53:35,581: DEBUG - Order Symbol: USDMXN
2022-07-08 16:53:36,581: DEBUG - Order Symbol: USDMXN
2022-07-08 16:53:37,608: DEBUG - Order Symbol: USDMXN
2022-07-08 16:53:38,599: DEBUG - Order Symbol: USDMXN
2022-07-08 16:53:39,601: DEBUG - Order Symbol: USDMXN
2022-07-08 16:53:40,602: DEBUG - Order Symbol: USDMXN
2022-07-08 16:53:41,620: DEBUG - Order Symbol: USDMXN
2022-07-08 16:53:42,644: DEBUG - Order Symbol: USDMXN
2022-07-08 16:53:43,656: DEBUG - Order Symbol: USDMXN
2022-07-08 16:53:44,674: DEBUG - Order Symbol: USDMXN
2022-07-08 16:53:45,688: DEBUG - Order Symbol: USDMXN
2022-07-08 16:53:46,705: DEBUG - Order Symbol: USDMXN
2022-07-08 16:53:47,719: DEBUG - Order Symbol: USDMXN
2022-07-08 16:53:48,738: DEBUG - Order Symbol: USDMXN
2022-07-08 16:53:49,743: DEBUG - Order Symbol: USDMXN
2022-07-08 16:53:50,741: DEBUG - Order Symbol: USDMXN
2022-07-08 16:53:51,754: DEBUG - Order Symbol: USDMXN
2022-07-08 16:53:52,769: DEBUG - Order Symbol: USDMXN
2022-07-08 16:53:54,770: DEBUG - Order Symbol: USDMXN
2022-07-08 16:53:55,789: DEBUG - Order Symbol: USDMXN
2022-07-08 16:53:56,790: DEBUG - Order Symbol: USDMXN
2022-07-08 16:53:57,799: DEBUG - Order Symbol: USDMXN
2022-07-08 16:53:58,804: DEBUG - Order Symbol: USDMXN
2022-07-08 16:53:59,916: DEBUG - Order Symbol: USDMXN
2022-07-08 16:54:00,821: DEBUG - Order Symbol: USDMXN
2022-07-08 16:54:01,823: DEBUG - Order Symbol: USDMXN
2022-07-08 16:54:02,838: DEBUG - Order Symbol: USDMXN
2022-07-08 16:54:03,839: DEBUG - Order Symbol: USDMXN
2022-07-08 16:54:04,857: DEBUG - Order Symbol: USDMXN
2022-07-08 16:54:05,879: DEBUG - Order Symbol: USDMXN
2022-07-08 16:54:06,880: DEBUG - Order Symbol: USDMXN
2022-07-08 16:54:07,882: DEBUG - Order Symbol: USDMXN
2022-07-08 16:54:08,941: DEBUG - Order Symbol: USDMXN
2022-07-08 16:54:09,911: DEBUG - Order Symbol: USDMXN
2022-07-08 16:54:10,901: DEBUG - Order Symbol: USDMXN
2022-07-08 16:54:11,903: DEBUG - Order Symbol: USDMXN
2022-07-08 16:54:12,922: DEBUG - Order Symbol: USDMXN
2022-07-08 16:54:13,929: DEBUG - Order Symbol: USDMXN
2022-07-08 16:54:14,944: DEBUG - Order Symbol: USDMXN
2022-07-08 16:54:15,945: DEBUG - Order Symbol: USDMXN
2022-07-08 16:54:16,954: DEBUG - Order Symbol: USDMXN
2022-07-08 16:54:17,960: DEBUG - Order Symbol: USDMXN
2022-07-08 16:54:18,965: DEBUG - Order Symbol: USDMXN
2022-07-08 16:54:19,976: DEBUG - Order Symbol: USDMXN
2022-07-08 16:54:20,983: DEBUG - Order Symbol: USDMXN
2022-07-08 16:54:21,999: DEBUG - Order Symbol: USDMXN
2022-07-08 16:54:23,049: DEBUG - Order Symbol: USDMXN
2022-07-08 16:54:24,010: DEBUG - Order Symbol: USDMXN
2022-07-08 16:54:26,025: DEBUG - Order Symbol: USDMXN
2022-07-08 16:54:27,056: DEBUG - Order Symbol: USDMXN
2022-07-08 16:54:28,036: DEBUG - Order Symbol: USDMXN
2022-07-08 16:54:29,072: DEBUG - Order Symbol: USDMXN
2022-07-08 16:54:30,042: DEBUG - Order Symbol: USDMXN
2022-07-08 16:54:31,059: DEBUG - Order Symbol: USDMXN
2022-07-08 16:54:32,067: DEBUG - Order Symbol: USDMXN
2022-07-08 16:54:33,073: DEBUG - Order Symbol: USDMXN
2022-07-08 16:54:34,083: DEBUG - Order Symbol: USDMXN
2022-07-08 16:54:35,072: DEBUG - Order Symbol: USDMXN
2022-07-08 16:54:36,090: DEBUG - Order Symbol: USDMXN
2022-07-08 16:54:37,124: DEBUG - Order Symbol: USDMXN
2022-07-08 16:54:38,123: DEBUG - Order Symbol: USDMXN
2022-07-08 16:54:39,130: DEBUG - Order Symbol: USDMXN
2022-07-08 16:54:40,135: DEBUG - Order Symbol: USDMXN
2022-07-08 16:54:41,138: DEBUG - Order Symbol: USDMXN
2022-07-08 16:54:42,154: DEBUG - Order Symbol: USDMXN
2022-07-08 16:54:43,171: DEBUG - Order Symbol: USDMXN
2022-07-08 16:54:44,184: DEBUG - Order Symbol: USDMXN
2022-07-08 16:54:45,201: DEBUG - Order Symbol: USDMXN
2022-07-08 16:54:46,214: DEBUG - Order Symbol: USDMXN
2022-07-08 16:54:47,229: DEBUG - Order Symbol: USDMXN
2022-07-08 16:54:48,230: DEBUG - Order Symbol: USDMXN
2022-07-08 16:54:49,245: DEBUG - Order Symbol: USDMXN
2022-07-08 16:54:50,264: DEBUG - Order Symbol: USDMXN
2022-07-08 16:54:51,278: DEBUG - Order Symbol: USDMXN
2022-07-08 16:54:52,276: DEBUG - Order Symbol: USDMXN
2022-07-08 16:54:53,277: DEBUG - Order Symbol: USDMXN
2022-07-08 16:54:54,296: DEBUG - Order Symbol: USDMXN
2022-07-08 16:54:55,302: DEBUG - Order Symbol: USDMXN
2022-07-08 16:54:56,312: DEBUG - Order Symbol: USDMXN
2022-07-08 16:54:57,357: DEBUG - Order Symbol: USDMXN
2022-07-08 16:54:58,335: DEBUG - Order Symbol: USDMXN
2022-07-08 16:54:59,351: DEBUG - Order Symbol: USDMXN
2022-07-08 16:55:00,367: DEBUG - Order Symbol: USDMXN
2022-07-08 16:55:01,378: DEBUG - Order Symbol: USDMXN
2022-07-08 16:55:02,395: DEBUG - Order Symbol: USDMXN
2022-07-08 16:55:03,400: DEBUG - Order Symbol: USDMXN
2022-07-08 16:55:04,395: DEBUG - Order Symbol: USDMXN
2022-07-08 16:55:05,398: DEBUG - Order Symbol: USDMXN
2022-07-08 16:55:06,398: DEBUG - Order Symbol: USDMXN
2022-07-08 16:55:07,402: DEBUG - Order Symbol: USDMXN
2022-07-08 16:55:08,417: DEBUG - Order Symbol: USDMXN
2022-07-08 16:55:09,438: DEBUG - Order Symbol: USDMXN
2022-07-08 16:55:10,444: DEBUG - Order Symbol: USDMXN
2022-07-08 16:55:11,469: DEBUG - Order Symbol: USDMXN
2022-07-08 16:55:13,477: DEBUG - Order Symbol: USDMXN
2022-07-08 16:55:14,478: DEBUG - Order Symbol: USDMXN
2022-07-08 16:55:16,492: DEBUG - Order Symbol: USDMXN
2022-07-08 16:55:17,530: DEBUG - Order Symbol: USDMXN
2022-07-08 16:55:18,521: DEBUG - Order Symbol: USDMXN
2022-07-08 16:55:19,527: DEBUG - Order Symbol: USDMXN
2022-07-08 16:55:20,534: DEBUG - Order Symbol: USDMXN
2022-07-08 16:55:21,539: DEBUG - Order Symbol: USDMXN
2022-07-08 16:55:22,540: DEBUG - Order Symbol: USDMXN
2022-07-08 16:55:23,538: DEBUG - Order Symbol: USDMXN
2022-07-08 16:55:24,561: DEBUG - Order Symbol: USDMXN
2022-07-08 16:55:25,558: DEBUG - Order Symbol: USDMXN
2022-07-08 16:55:26,565: DEBUG - Order Symbol: USDMXN
2022-07-08 16:55:27,577: DEBUG - Order Symbol: USDMXN
2022-07-08 16:55:28,617: DEBUG - Order Symbol: USDMXN
2022-07-08 16:55:29,583: DEBUG - Order Symbol: USDMXN
2022-07-08 16:55:30,587: DEBUG - Order Symbol: USDMXN
2022-07-08 16:55:31,605: DEBUG - Order Symbol: USDMXN
2022-07-08 16:55:32,603: DEBUG - Order Symbol: USDMXN
2022-07-08 16:55:33,603: DEBUG - Order Symbol: USDMXN
2022-07-08 16:55:34,606: DEBUG - Order Symbol: USDMXN
2022-07-08 16:55:35,620: DEBUG - Order Symbol: USDMXN
2022-07-08 16:55:36,629: DEBUG - Order Symbol: USDMXN
2022-07-08 16:55:37,842: DEBUG - Order Symbol: USDMXN
2022-07-08 16:55:38,644: DEBUG - Order Symbol: USDMXN
2022-07-08 16:55:40,422: INFO - Exit FXFellow Dashboard...
2022-07-08 16:55:47,114: INFO - Start FXFellow Dashboard...
2022-07-08 16:55:54,974: INFO - Trying to login account 95025295 using IP 34.194.55.26
2022-07-08 16:55:58,602: INFO - Trying to login account 52731084 using IP d41a1.octanetwork.net
2022-07-08 16:55:59,841: INFO - 95025295: Connected
2022-07-08 16:56:03,343: INFO - 52731084: Connected
2022-07-08 16:56:14,467: DEBUG - Order Symbol: USDMXN
2022-07-08 16:56:16,679: DEBUG - Order Symbol: USDMXN
2022-07-08 16:56:17,555: DEBUG - Order Symbol: USDMXN
2022-07-08 16:56:17,692: DEBUG - Order Symbol: USDMXN
2022-07-08 16:56:18,704: DEBUG - Order Symbol: USDMXN
2022-07-08 16:56:19,708: DEBUG - Order Symbol: USDMXN
2022-07-08 16:56:20,200: DEBUG - Order Symbol: USDMXN
2022-07-08 16:56:20,714: DEBUG - Order Symbol: USDMXN
2022-07-08 16:56:21,715: DEBUG - Order Symbol: USDMXN
2022-07-08 16:56:22,039: INFO - Tradingdesk: one click button was clicked.
2022-07-08 16:56:22,040: DEBUG - R3 order open!!!
2022-07-08 16:56:22,040: DEBUG - R3 order create!!!
2022-07-08 16:56:22,043: DEBUG - R8 order created
2022-07-08 16:56:22,044: INFO - Request Id = 2 Name Open EURMXN 0.01Lot
2022-07-08 16:56:22,044: INFO - Request Id = 1 Name Open EURMXN 0.01Lot
2022-07-08 16:56:22,418: DEBUG - Order Symbol: USDMXN
2022-07-08 16:56:22,418: DEBUG - Order Symbol: EURMXN
2022-07-08 16:56:22,426: DEBUG - Order Symbol: USDMXN
2022-07-08 16:56:22,426: DEBUG - Order Symbol: EURMXN
2022-07-08 16:56:22,711: DEBUG - Order Symbol: USDMXN
2022-07-08 16:56:22,711: DEBUG - Order Symbol: EURMXN
2022-07-08 16:56:22,711: INFO - Request Id = 2: success EURMXN
2022-07-08 16:56:22,731: DEBUG - Order Symbol: USDMXN
2022-07-08 16:56:22,732: DEBUG - Order Symbol: EURMXN
2022-07-08 16:56:22,901: INFO - Request Id = 1: success EURMXN
2022-07-08 16:56:22,911: DEBUG - Order Symbol: USDMXN
2022-07-08 16:56:22,912: DEBUG - Order Symbol: EURMXN
2022-07-08 16:56:23,428: DEBUG - Order Symbol: USDMXN
2022-07-08 16:56:23,429: DEBUG - Order Symbol: EURMXN
2022-07-08 16:56:23,749: DEBUG - Order Symbol: USDMXN
2022-07-08 16:56:23,749: DEBUG - Order Symbol: EURMXN
2022-07-08 16:56:24,752: DEBUG - Order Symbol: USDMXN
2022-07-08 16:56:24,752: DEBUG - Order Symbol: EURMXN
2022-07-08 16:56:25,755: DEBUG - Order Symbol: USDMXN
2022-07-08 16:56:25,755: DEBUG - Order Symbol: EURMXN
2022-07-08 16:56:26,756: DEBUG - Order Symbol: USDMXN
2022-07-08 16:56:26,756: DEBUG - Order Symbol: EURMXN
2022-07-08 16:56:27,757: DEBUG - Order Symbol: USDMXN
2022-07-08 16:56:27,757: DEBUG - Order Symbol: EURMXN
2022-07-08 16:56:28,758: DEBUG - Order Symbol: USDMXN
2022-07-08 16:56:28,759: DEBUG - Order Symbol: EURMXN
2022-07-08 16:56:29,774: DEBUG - Order Symbol: USDMXN
2022-07-08 16:56:29,774: DEBUG - Order Symbol: EURMXN
2022-07-08 16:56:30,775: DEBUG - Order Symbol: USDMXN
2022-07-08 16:56:30,775: DEBUG - Order Symbol: EURMXN
2022-07-08 16:56:31,779: DEBUG - Order Symbol: USDMXN
2022-07-08 16:56:31,779: DEBUG - Order Symbol: EURMXN
2022-07-08 16:56:32,791: DEBUG - Order Symbol: USDMXN
2022-07-08 16:56:32,791: DEBUG - Order Symbol: EURMXN
2022-07-08 16:56:33,793: DEBUG - Order Symbol: USDMXN
2022-07-08 16:56:33,793: DEBUG - Order Symbol: EURMXN
2022-07-08 16:56:34,796: DEBUG - Order Symbol: USDMXN
2022-07-08 16:56:34,796: DEBUG - Order Symbol: EURMXN
2022-07-08 16:56:35,800: DEBUG - Order Symbol: USDMXN
2022-07-08 16:56:35,801: DEBUG - Order Symbol: EURMXN
2022-07-08 16:56:36,800: DEBUG - Order Symbol: USDMXN
2022-07-08 16:56:36,801: DEBUG - Order Symbol: EURMXN
2022-07-08 16:56:37,801: DEBUG - Order Symbol: USDMXN
2022-07-08 16:56:37,802: DEBUG - Order Symbol: EURMXN
2022-07-08 16:56:38,458: DEBUG - Order Symbol: USDMXN
2022-07-08 16:56:38,458: DEBUG - Order Symbol: EURMXN
2022-07-08 16:56:38,810: DEBUG - Order Symbol: USDMXN
2022-07-08 16:56:38,810: DEBUG - Order Symbol: EURMXN
2022-07-08 16:56:39,494: DEBUG - Order Symbol: USDMXN
2022-07-08 16:56:39,494: DEBUG - Order Symbol: EURMXN
2022-07-08 16:56:39,819: DEBUG - Order Symbol: USDMXN
2022-07-08 16:56:39,820: DEBUG - Order Symbol: EURMXN
2022-07-08 16:56:40,658: INFO - Tradingdesk: one click button was clicked.
2022-07-08 16:56:40,659: DEBUG - R3 order open!!!
2022-07-08 16:56:40,659: DEBUG - R8 order created
2022-07-08 16:56:40,659: INFO - Request Id = 3 Name Open XBRUSD 0.01Lot
2022-07-08 16:56:40,659: DEBUG - R3 order create!!!
2022-07-08 16:56:40,659: INFO - Request Id = 4 Name Open XBRUSD 0.01Lot
2022-07-08 16:56:40,820: DEBUG - Order Symbol: USDMXN
2022-07-08 16:56:40,821: DEBUG - Order Symbol: EURMXN
2022-07-08 16:56:40,979: INFO - Request Id = 3: success UKOilCash
2022-07-08 16:56:40,983: DEBUG - Order Symbol: USDMXN
2022-07-08 16:56:40,983: DEBUG - Order Symbol: EURMXN
2022-07-08 16:56:41,115: INFO - Request Id = 4: success XBRUSD
2022-07-08 16:56:41,119: DEBUG - Order Symbol: USDMXN
2022-07-08 16:56:41,119: DEBUG - Order Symbol: EURMXN
2022-07-08 16:56:41,119: DEBUG - Order Symbol: XBRUSD
2022-07-08 16:56:41,124: DEBUG - Order Symbol: USDMXN
2022-07-08 16:56:41,124: DEBUG - Order Symbol: EURMXN
2022-07-08 16:56:41,124: DEBUG - Order Symbol: XBRUSD
2022-07-08 16:56:41,822: DEBUG - Order Symbol: USDMXN
2022-07-08 16:56:41,822: DEBUG - Order Symbol: EURMXN
2022-07-08 16:56:41,822: DEBUG - Order Symbol: XBRUSD
2022-07-08 16:56:42,841: DEBUG - Order Symbol: USDMXN
2022-07-08 16:56:42,841: DEBUG - Order Symbol: EURMXN
2022-07-08 16:56:42,841: DEBUG - Order Symbol: XBRUSD
2022-07-08 16:56:43,859: DEBUG - Order Symbol: USDMXN
2022-07-08 16:56:43,859: DEBUG - Order Symbol: EURMXN
2022-07-08 16:56:43,860: DEBUG - Order Symbol: XBRUSD
2022-07-08 16:56:44,862: DEBUG - Order Symbol: USDMXN
2022-07-08 16:56:44,862: DEBUG - Order Symbol: EURMXN
2022-07-08 16:56:44,862: DEBUG - Order Symbol: XBRUSD
2022-07-08 16:56:45,876: DEBUG - Order Symbol: USDMXN
2022-07-08 16:56:45,876: DEBUG - Order Symbol: EURMXN
2022-07-08 16:56:45,876: DEBUG - Order Symbol: XBRUSD
2022-07-08 16:56:46,878: DEBUG - Order Symbol: USDMXN
2022-07-08 16:56:46,878: DEBUG - Order Symbol: EURMXN
2022-07-08 16:56:46,879: DEBUG - Order Symbol: XBRUSD
2022-07-08 16:56:47,895: DEBUG - Order Symbol: USDMXN
2022-07-08 16:56:47,895: DEBUG - Order Symbol: EURMXN
2022-07-08 16:56:47,895: DEBUG - Order Symbol: XBRUSD
2022-07-08 16:56:48,900: DEBUG - Order Symbol: USDMXN
2022-07-08 16:56:48,901: DEBUG - Order Symbol: EURMXN
2022-07-08 16:56:48,901: DEBUG - Order Symbol: XBRUSD
2022-07-08 16:57:04,264: DEBUG - Order Symbol: USDMXN
2022-07-08 16:57:04,264: DEBUG - Order Symbol: EURMXN
2022-07-08 16:57:04,264: DEBUG - Order Symbol: XBRUSD
2022-07-08 16:57:04,975: DEBUG - Order Symbol: USDMXN
2022-07-08 16:57:04,975: DEBUG - Order Symbol: EURMXN
2022-07-08 16:57:04,975: DEBUG - Order Symbol: XBRUSD
2022-07-08 16:57:05,977: DEBUG - Order Symbol: USDMXN
2022-07-08 16:57:05,977: DEBUG - Order Symbol: EURMXN
2022-07-08 16:57:05,977: DEBUG - Order Symbol: XBRUSD
2022-07-08 16:57:06,991: DEBUG - Order Symbol: USDMXN
2022-07-08 16:57:06,991: DEBUG - Order Symbol: EURMXN
2022-07-08 16:57:06,991: DEBUG - Order Symbol: XBRUSD
2022-07-08 16:57:07,946: DEBUG - Order Symbol: USDMXN
2022-07-08 16:57:07,946: DEBUG - Order Symbol: EURMXN
2022-07-08 16:57:07,946: DEBUG - Order Symbol: XBRUSD
2022-07-08 16:57:07,995: DEBUG - Order Symbol: USDMXN
2022-07-08 16:57:07,995: DEBUG - Order Symbol: EURMXN
2022-07-08 16:57:07,995: DEBUG - Order Symbol: XBRUSD
2022-07-08 16:57:09,011: DEBUG - Order Symbol: USDMXN
2022-07-08 16:57:09,012: DEBUG - Order Symbol: EURMXN
2022-07-08 16:57:09,012: DEBUG - Order Symbol: XBRUSD
2022-07-08 16:57:09,705: INFO - Tradingdesk: one click button was clicked.
2022-07-08 16:57:09,705: DEBUG - R3 order open!!!
2022-07-08 16:57:09,705: DEBUG - R8 order created
2022-07-08 16:57:09,706: INFO - Request Id = 5 Name Open XTIUSD 0.01Lot
2022-07-08 16:57:09,706: INFO - Request Id = 6 Name Open XTIUSD 0.01Lot
2022-07-08 16:57:09,706: DEBUG - R3 order create!!!
2022-07-08 16:57:10,029: DEBUG - Order Symbol: USDMXN
2022-07-08 16:57:10,029: DEBUG - Order Symbol: EURMXN
2022-07-08 16:57:10,029: DEBUG - Order Symbol: XBRUSD
2022-07-08 16:57:10,057: INFO - Request Id = 5: success USOilCash
2022-07-08 16:57:10,069: DEBUG - Order Symbol: USDMXN
2022-07-08 16:57:10,069: DEBUG - Order Symbol: EURMXN
2022-07-08 16:57:10,070: DEBUG - Order Symbol: XBRUSD
2022-07-08 16:57:10,209: INFO - Request Id = 6: success XTIUSD
2022-07-08 16:57:10,217: DEBUG - Order Symbol: USDMXN
2022-07-08 16:57:10,218: DEBUG - Order Symbol: EURMXN
2022-07-08 16:57:10,218: DEBUG - Order Symbol: XBRUSD
2022-07-08 16:57:10,218: DEBUG - Order Symbol: XTIUSD
2022-07-08 16:57:10,232: DEBUG - Order Symbol: USDMXN
2022-07-08 16:57:10,232: DEBUG - Order Symbol: EURMXN
2022-07-08 16:57:10,232: DEBUG - Order Symbol: XBRUSD
2022-07-08 16:57:10,232: DEBUG - Order Symbol: XTIUSD
2022-07-08 16:57:11,047: DEBUG - Order Symbol: USDMXN
2022-07-08 16:57:11,047: DEBUG - Order Symbol: EURMXN
2022-07-08 16:57:11,047: DEBUG - Order Symbol: XBRUSD
2022-07-08 16:57:11,047: DEBUG - Order Symbol: XTIUSD
2022-07-08 16:57:12,051: DEBUG - Order Symbol: USDMXN
2022-07-08 16:57:12,052: DEBUG - Order Symbol: EURMXN
2022-07-08 16:57:12,052: DEBUG - Order Symbol: XBRUSD
2022-07-08 16:57:12,052: DEBUG - Order Symbol: XTIUSD
2022-07-08 16:57:13,056: DEBUG - Order Symbol: USDMXN
2022-07-08 16:57:13,056: DEBUG - Order Symbol: EURMXN
2022-07-08 16:57:13,056: DEBUG - Order Symbol: XBRUSD
2022-07-08 16:57:13,057: DEBUG - Order Symbol: XTIUSD
2022-07-08 16:57:14,052: DEBUG - Order Symbol: USDMXN
2022-07-08 16:57:14,052: DEBUG - Order Symbol: EURMXN
2022-07-08 16:57:14,053: DEBUG - Order Symbol: XBRUSD
2022-07-08 16:57:14,053: DEBUG - Order Symbol: XTIUSD
2022-07-08 16:57:15,053: DEBUG - Order Symbol: USDMXN
2022-07-08 16:57:15,054: DEBUG - Order Symbol: EURMXN
2022-07-08 16:57:15,054: DEBUG - Order Symbol: XBRUSD
2022-07-08 16:57:15,054: DEBUG - Order Symbol: XTIUSD
2022-07-08 16:57:16,054: DEBUG - Order Symbol: USDMXN
2022-07-08 16:57:16,054: DEBUG - Order Symbol: EURMXN
2022-07-08 16:57:16,054: DEBUG - Order Symbol: XBRUSD
2022-07-08 16:57:16,054: DEBUG - Order Symbol: XTIUSD
2022-07-08 16:57:17,059: DEBUG - Order Symbol: USDMXN
2022-07-08 16:57:17,059: DEBUG - Order Symbol: EURMXN
2022-07-08 16:57:17,060: DEBUG - Order Symbol: XBRUSD
2022-07-08 16:57:17,060: DEBUG - Order Symbol: XTIUSD
2022-07-08 16:57:18,073: DEBUG - Order Symbol: USDMXN
2022-07-08 16:57:18,073: DEBUG - Order Symbol: EURMXN
2022-07-08 16:57:18,073: DEBUG - Order Symbol: XBRUSD
2022-07-08 16:57:18,074: DEBUG - Order Symbol: XTIUSD
2022-07-08 16:57:23,867: INFO - Exit FXFellow Dashboard...
